\BOOKMARK [1][-]{section.1}{\376\377\000I\000n\000t\000r\000o\000d\000u\000c\000t\000i\000o\000n}{}% 1
\BOOKMARK [2][-]{subsection.2}{\376\377\000T\000h\000e\000\040\000I\000d\000e\000n\000t\000i\000f\000i\000c\000a\000t\000i\000o\000n\000\040\000P\000r\000o\000b\000l\000e\000m}{section.1}% 2
\BOOKMARK [2][-]{subsection.6}{\376\377\000T\000h\000e\000\040\000O\000b\000s\000e\000r\000v\000a\000t\000i\000o\000n\000\040\000M\000o\000d\000e\000l}{section.1}% 3
\BOOKMARK [2][-]{subsection.14}{\376\377\000T\000h\000e\000\040\000C\000e\000n\000t\000r\000a\000l\000\040\000Q\000u\000e\000s\000t\000i\000o\000n}{section.1}% 4
\BOOKMARK [2][-]{subsection.15}{\376\377\000T\000h\000e\000\040\000I\000n\000f\000o\000r\000m\000a\000t\000i\000o\000n\000\040\000B\000a\000r\000r\000i\000e\000r}{section.1}% 5
\BOOKMARK [2][-]{subsection.20}{\376\377\000T\000h\000e\000\040\000P\000o\000s\000i\000t\000i\000v\000e\000\040\000R\000e\000s\000u\000l\000t\000:\000\040\000N\000o\000m\000i\000n\000a\000l\000\040\000T\000a\000g\000g\000i\000n\000g}{section.1}% 6
\BOOKMARK [2][-]{subsection.26}{\376\377\000M\000a\000i\000n\000\040\000C\000o\000n\000t\000r\000i\000b\000u\000t\000i\000o\000n\000s}{section.1}% 7
\BOOKMARK [2][-]{subsection.35}{\376\377\000R\000e\000l\000a\000t\000e\000d\000\040\000W\000o\000r\000k\000\040\000a\000n\000d\000\040\000P\000o\000s\000i\000t\000i\000o\000n\000i\000n\000g}{section.1}% 8
\BOOKMARK [2][-]{subsection.36}{\376\377\000P\000a\000p\000e\000r\000\040\000O\000r\000g\000a\000n\000i\000z\000a\000t\000i\000o\000n}{section.1}% 9
\BOOKMARK [1][-]{section.37}{\376\377\000C\000o\000m\000p\000r\000e\000s\000s\000i\000o\000n\000\040\000F\000r\000a\000m\000e\000w\000o\000r\000k}{}% 10
\BOOKMARK [2][-]{subsection.38}{\376\377\000S\000e\000m\000a\000n\000t\000i\000c\000\040\000C\000o\000m\000p\000r\000e\000s\000s\000i\000o\000n\000:\000\040\000T\000h\000e\000\040\000P\000r\000o\000b\000l\000e\000m}{section.37}% 11
\BOOKMARK [2][-]{subsection.39}{\376\377\000U\000n\000i\000v\000e\000r\000s\000e\000\040\000o\000f\000\040\000D\000i\000s\000c\000o\000u\000r\000s\000e}{section.37}% 12
\BOOKMARK [2][-]{subsection.45}{\376\377\000T\000w\000o\000-\000A\000x\000i\000s\000\040\000I\000n\000s\000t\000a\000n\000t\000i\000a\000t\000i\000o\000n\000\040\000\050\000R\000e\000p\000r\000e\000s\000e\000n\000t\000a\000t\000i\000v\000e\000\040\000D\000o\000m\000a\000i\000n\000\040\000E\000x\000a\000m\000p\000l\000e\000\051}{section.37}% 13
\BOOKMARK [2][-]{subsection.52}{\376\377\000A\000t\000t\000r\000i\000b\000u\000t\000e\000\040\000E\000q\000u\000i\000v\000a\000l\000e\000n\000c\000e\000\040\000a\000n\000d\000\040\000O\000b\000s\000e\000r\000v\000a\000t\000i\000o\000n\000a\000l\000\040\000L\000i\000m\000i\000t\000s}{section.37}% 14
\BOOKMARK [2][-]{subsection.56}{\376\377\000O\000n\000e\000-\000S\000h\000o\000t\000\040\000Z\000e\000r\000o\000-\000E\000r\000r\000o\000r\000\040\000F\000e\000a\000s\000i\000b\000i\000l\000i\000t\000y}{section.37}% 15
\BOOKMARK [2][-]{subsection.63}{\376\377\000W\000i\000t\000n\000e\000s\000s\000\040\000C\000o\000s\000t\000:\000\040\000Q\000u\000e\000r\000y\000\040\000C\000o\000m\000p\000l\000e\000x\000i\000t\000y\000\040\000f\000o\000r\000\040\000S\000e\000m\000a\000n\000t\000i\000c\000\040\000P\000r\000o\000p\000e\000r\000t\000i\000e\000s}{section.37}% 16
\BOOKMARK [2][-]{subsection.74}{\376\377\000T\000h\000e\000\040\000\050\000L\000,\000\040\000W\000,\000\040\000D\000\051\000\040\000T\000r\000a\000d\000e\000o\000f\000f}{section.37}% 17
\BOOKMARK [2][-]{subsection.80}{\376\377\000T\000h\000e\000\040\000\050\000L\000,\000\040\000W\000,\000\040\000D\000\051\000\040\000T\000r\000a\000d\000e\000o\000f\000f\000\040\000S\000p\000a\000c\000e}{section.37}% 18
\BOOKMARK [2][-]{subsection.86}{\376\377\000O\000p\000e\000n\000-\000W\000o\000r\000l\000d\000\040\000R\000o\000b\000u\000s\000t\000n\000e\000s\000s\000\040\000a\000n\000d\000\040\000D\000e\000c\000i\000d\000a\000b\000i\000l\000i\000t\000y\000\040\000B\000o\000u\000n\000d\000a\000r\000y}{section.37}% 19
\BOOKMARK [2][-]{subsection.93}{\376\377\000C\000o\000n\000v\000e\000r\000s\000e\000:\000\040\000T\000a\000g\000\040\000R\000a\000t\000e\000\040\000L\000o\000w\000e\000r\000\040\000B\000o\000u\000n\000d}{section.37}% 20
\BOOKMARK [2][-]{subsection.96}{\376\377\000C\000o\000n\000f\000u\000s\000a\000b\000i\000l\000i\000t\000y\000\040\000G\000r\000a\000p\000h\000\040\000T\000h\000r\000e\000s\000h\000o\000l\000d\000s\000\040\000a\000n\000d\000\040\000B\000l\000o\000c\000k\000\040\000S\000c\000a\000l\000i\000n\000g}{section.37}% 21
\BOOKMARK [2][-]{subsection.101}{\376\377\000L\000o\000s\000s\000y\000\040\000R\000e\000g\000i\000m\000e\000:\000\040\000D\000e\000t\000e\000r\000m\000i\000n\000i\000s\000t\000i\000c\000\040\000v\000s\000\040\000N\000o\000i\000s\000y\000\040\000M\000o\000d\000e\000l\000s}{section.37}% 22
\BOOKMARK [2][-]{subsection.102}{\376\377\000C\000o\000n\000c\000r\000e\000t\000e\000\040\000E\000x\000a\000m\000p\000l\000e}{section.37}% 23
\BOOKMARK [1][-]{section.105}{\376\377\000C\000o\000m\000p\000l\000e\000x\000i\000t\000y\000\040\000B\000o\000u\000n\000d\000s}{}% 24
\BOOKMARK [2][-]{subsection.106}{\376\377\000T\000h\000e\000\040\000E\000r\000r\000o\000r\000\040\000L\000o\000c\000a\000l\000i\000z\000a\000t\000i\000o\000n\000\040\000T\000h\000e\000o\000r\000e\000m}{section.105}% 25
\BOOKMARK [2][-]{subsection.113}{\376\377\000T\000h\000e\000\040\000I\000n\000f\000o\000r\000m\000a\000t\000i\000o\000n\000\040\000S\000c\000a\000t\000t\000e\000r\000i\000n\000g\000\040\000T\000h\000e\000o\000r\000e\000m}{section.105}% 26
\BOOKMARK [1][-]{section.118}{\376\377\000M\000a\000t\000r\000o\000i\000d\000\040\000S\000t\000r\000u\000c\000t\000u\000r\000e}{}% 27
\BOOKMARK [2][-]{subsection.119}{\376\377\000M\000o\000d\000e\000l\000\040\000C\000o\000n\000t\000r\000a\000c\000t\000\040\000\050\000F\000i\000x\000e\000d\000-\000A\000x\000i\000s\000\040\000D\000o\000m\000a\000i\000n\000s\000\051}{section.118}% 28
\BOOKMARK [2][-]{subsection.122}{\376\377\000Q\000u\000e\000r\000y\000\040\000F\000a\000m\000i\000l\000i\000e\000s\000\040\000a\000n\000d\000\040\000D\000i\000s\000t\000i\000n\000g\000u\000i\000s\000h\000i\000n\000g\000\040\000S\000e\000t\000s}{section.118}% 29
\BOOKMARK [2][-]{subsection.126}{\376\377\000M\000a\000t\000r\000o\000i\000d\000\040\000S\000t\000r\000u\000c\000t\000u\000r\000e\000\040\000o\000f\000\040\000Q\000u\000e\000r\000y\000\040\000F\000a\000m\000i\000l\000i\000e\000s}{section.118}% 30
\BOOKMARK [2][-]{subsection.135}{\376\377\000I\000m\000p\000l\000i\000c\000a\000t\000i\000o\000n\000s\000\040\000f\000o\000r\000\040\000W\000i\000t\000n\000e\000s\000s\000\040\000C\000o\000s\000t}{section.118}% 31
\BOOKMARK [1][-]{section.137}{\376\377\000W\000i\000t\000n\000e\000s\000s\000\040\000C\000o\000s\000t\000\040\000A\000n\000a\000l\000y\000s\000i\000s}{}% 32
\BOOKMARK [2][-]{subsection.138}{\376\377\000W\000i\000t\000n\000e\000s\000s\000\040\000C\000o\000s\000t\000\040\000f\000o\000r\000\040\000C\000l\000a\000s\000s\000\040\000I\000d\000e\000n\000t\000i\000t\000y}{section.137}% 33
\BOOKMARK [2][-]{subsection.143}{\376\377\000W\000i\000t\000n\000e\000s\000s\000\040\000C\000o\000s\000t\000\040\000C\000o\000m\000p\000a\000r\000i\000s\000o\000n}{section.137}% 34
\BOOKMARK [1][-]{section.146}{\376\377\000\050\000L\000,\000\040\000W\000,\000\040\000D\000\051\000\040\000O\000p\000t\000i\000m\000a\000l\000i\000t\000y}{}% 35
\BOOKMARK [2][-]{subsection.147}{\376\377\000T\000h\000r\000e\000e\000-\000D\000i\000m\000e\000n\000s\000i\000o\000n\000a\000l\000\040\000T\000r\000a\000d\000e\000o\000f\000f\000:\000\040\000T\000a\000g\000\040\000L\000e\000n\000g\000t\000h\000,\000\040\000W\000i\000t\000n\000e\000s\000s\000\040\000C\000o\000s\000t\000,\000\040\000D\000i\000s\000t\000o\000r\000t\000i\000o\000n}{section.146}% 36
\BOOKMARK [2][-]{subsection.158}{\376\377\000P\000a\000r\000e\000t\000o\000\040\000F\000r\000o\000n\000t\000i\000e\000r}{section.146}% 37
\BOOKMARK [1][-]{section.163}{\376\377\000C\000r\000o\000s\000s\000-\000D\000o\000m\000a\000i\000n\000\040\000I\000n\000s\000t\000a\000n\000t\000i\000a\000t\000i\000o\000n\000s}{}% 38
\BOOKMARK [2][-]{subsection.164}{\376\377\000C\000o\000m\000p\000a\000c\000t\000\040\000C\000r\000o\000s\000s\000-\000D\000o\000m\000a\000i\000n\000\040\000I\000l\000l\000u\000s\000t\000r\000a\000t\000i\000o\000n\000s}{section.163}% 39
\BOOKMARK [2][-]{subsection.165}{\376\377\000T\000a\000k\000e\000a\000w\000a\000y}{section.163}% 40
\BOOKMARK [1][-]{section.166}{\376\377\000C\000o\000n\000c\000l\000u\000s\000i\000o\000n}{}% 41
\BOOKMARK [2][-]{subsection.170}{\376\377\000A\000\040\000R\000e\000c\000u\000r\000r\000i\000n\000g\000\040\000D\000e\000s\000i\000g\000n\000\040\000C\000o\000n\000s\000t\000r\000a\000i\000n\000t}{section.166}% 42
\BOOKMARK [2][-]{subsection.171}{\376\377\000I\000m\000p\000l\000i\000c\000a\000t\000i\000o\000n\000s}{section.166}% 43
\BOOKMARK [2][-]{subsection.172}{\376\377\000F\000u\000t\000u\000r\000e\000\040\000W\000o\000r\000k}{section.166}% 44
\BOOKMARK [2][-]{subsection.173}{\376\377\000C\000o\000n\000c\000l\000u\000s\000i\000o\000n}{section.166}% 45
\BOOKMARK [1][-]{section*.175}{\376\377\000R\000e\000f\000e\000r\000e\000n\000c\000e\000s}{}% 46
