\BOOKMARK [1][-]{section.1}{\376\377\000I\000n\000t\000r\000o\000d\000u\000c\000t\000i\000o\000n}{}% 1
\BOOKMARK [2][-]{subsection.2}{\376\377\000T\000h\000e\000\040\000I\000d\000e\000n\000t\000i\000f\000i\000c\000a\000t\000i\000o\000n\000\040\000P\000r\000o\000b\000l\000e\000m}{section.1}% 2
\BOOKMARK [2][-]{subsection.6}{\376\377\000T\000h\000e\000\040\000O\000b\000s\000e\000r\000v\000a\000t\000i\000o\000n\000\040\000M\000o\000d\000e\000l}{section.1}% 3
\BOOKMARK [2][-]{subsection.14}{\376\377\000T\000h\000e\000\040\000C\000e\000n\000t\000r\000a\000l\000\040\000Q\000u\000e\000s\000t\000i\000o\000n}{section.1}% 4
\BOOKMARK [2][-]{subsection.15}{\376\377\000T\000h\000e\000\040\000I\000n\000f\000o\000r\000m\000a\000t\000i\000o\000n\000\040\000B\000a\000r\000r\000i\000e\000r}{section.1}% 5
\BOOKMARK [2][-]{subsection.20}{\376\377\000T\000h\000e\000\040\000P\000o\000s\000i\000t\000i\000v\000e\000\040\000R\000e\000s\000u\000l\000t\000:\000\040\000N\000o\000m\000i\000n\000a\000l\000\040\000T\000a\000g\000g\000i\000n\000g}{section.1}% 6
\BOOKMARK [2][-]{subsection.26}{\376\377\000M\000a\000i\000n\000\040\000C\000o\000n\000t\000r\000i\000b\000u\000t\000i\000o\000n\000s}{section.1}% 7
\BOOKMARK [2][-]{subsection.33}{\376\377\000R\000e\000l\000a\000t\000e\000d\000\040\000W\000o\000r\000k\000\040\000a\000n\000d\000\040\000P\000o\000s\000i\000t\000i\000o\000n\000i\000n\000g}{section.1}% 8
\BOOKMARK [2][-]{subsection.34}{\376\377\000P\000a\000p\000e\000r\000\040\000O\000r\000g\000a\000n\000i\000z\000a\000t\000i\000o\000n}{section.1}% 9
\BOOKMARK [1][-]{section.35}{\376\377\000C\000o\000m\000p\000r\000e\000s\000s\000i\000o\000n\000\040\000F\000r\000a\000m\000e\000w\000o\000r\000k}{}% 10
\BOOKMARK [2][-]{subsection.36}{\376\377\000S\000e\000m\000a\000n\000t\000i\000c\000\040\000C\000o\000m\000p\000r\000e\000s\000s\000i\000o\000n\000:\000\040\000T\000h\000e\000\040\000P\000r\000o\000b\000l\000e\000m}{section.35}% 11
\BOOKMARK [2][-]{subsection.37}{\376\377\000U\000n\000i\000v\000e\000r\000s\000e\000\040\000o\000f\000\040\000D\000i\000s\000c\000o\000u\000r\000s\000e}{section.35}% 12
\BOOKMARK [2][-]{subsection.43}{\376\377\000T\000w\000o\000-\000A\000x\000i\000s\000\040\000I\000n\000s\000t\000a\000n\000t\000i\000a\000t\000i\000o\000n\000\040\000\050\000P\000r\000o\000g\000r\000a\000m\000m\000i\000n\000g\000\040\000L\000a\000n\000g\000u\000a\000g\000e\000s\000\051}{section.35}% 13
\BOOKMARK [2][-]{subsection.50}{\376\377\000A\000t\000t\000r\000i\000b\000u\000t\000e\000\040\000E\000q\000u\000i\000v\000a\000l\000e\000n\000c\000e\000\040\000a\000n\000d\000\040\000O\000b\000s\000e\000r\000v\000a\000t\000i\000o\000n\000a\000l\000\040\000L\000i\000m\000i\000t\000s}{section.35}% 14
\BOOKMARK [2][-]{subsection.54}{\376\377\000O\000n\000e\000-\000S\000h\000o\000t\000\040\000Z\000e\000r\000o\000-\000E\000r\000r\000o\000r\000\040\000F\000e\000a\000s\000i\000b\000i\000l\000i\000t\000y}{section.35}% 15
\BOOKMARK [2][-]{subsection.61}{\376\377\000W\000i\000t\000n\000e\000s\000s\000\040\000C\000o\000s\000t\000:\000\040\000Q\000u\000e\000r\000y\000\040\000C\000o\000m\000p\000l\000e\000x\000i\000t\000y\000\040\000f\000o\000r\000\040\000S\000e\000m\000a\000n\000t\000i\000c\000\040\000P\000r\000o\000p\000e\000r\000t\000i\000e\000s}{section.35}% 16
\BOOKMARK [2][-]{subsection.72}{\376\377\000T\000h\000e\000\040\000\050\000L\000,\000\040\000W\000,\000\040\000D\000\051\000\040\000T\000r\000a\000d\000e\000o\000f\000f}{section.35}% 17
\BOOKMARK [2][-]{subsection.78}{\376\377\000T\000h\000e\000\040\000\050\000L\000,\000\040\000W\000,\000\040\000D\000\051\000\040\000T\000r\000a\000d\000e\000o\000f\000f\000\040\000S\000p\000a\000c\000e}{section.35}% 18
\BOOKMARK [2][-]{subsection.84}{\376\377\000C\000o\000n\000v\000e\000r\000s\000e\000:\000\040\000T\000a\000g\000\040\000R\000a\000t\000e\000\040\000L\000o\000w\000e\000r\000\040\000B\000o\000u\000n\000d}{section.35}% 19
\BOOKMARK [2][-]{subsection.87}{\376\377\000L\000o\000s\000s\000y\000\040\000R\000e\000g\000i\000m\000e\000:\000\040\000D\000e\000t\000e\000r\000m\000i\000n\000i\000s\000t\000i\000c\000\040\000v\000s\000\040\000N\000o\000i\000s\000y\000\040\000M\000o\000d\000e\000l\000s}{section.35}% 20
\BOOKMARK [2][-]{subsection.88}{\376\377\000C\000o\000n\000c\000r\000e\000t\000e\000\040\000E\000x\000a\000m\000p\000l\000e}{section.35}% 21
\BOOKMARK [1][-]{section.91}{\376\377\000C\000o\000m\000p\000l\000e\000x\000i\000t\000y\000\040\000B\000o\000u\000n\000d\000s}{}% 22
\BOOKMARK [2][-]{subsection.92}{\376\377\000T\000h\000e\000\040\000E\000r\000r\000o\000r\000\040\000L\000o\000c\000a\000l\000i\000z\000a\000t\000i\000o\000n\000\040\000T\000h\000e\000o\000r\000e\000m}{section.91}% 23
\BOOKMARK [2][-]{subsection.99}{\376\377\000T\000h\000e\000\040\000I\000n\000f\000o\000r\000m\000a\000t\000i\000o\000n\000\040\000S\000c\000a\000t\000t\000e\000r\000i\000n\000g\000\040\000T\000h\000e\000o\000r\000e\000m}{section.91}% 24
\BOOKMARK [1][-]{section.104}{\376\377\000M\000a\000t\000r\000o\000i\000d\000\040\000S\000t\000r\000u\000c\000t\000u\000r\000e}{}% 25
\BOOKMARK [2][-]{subsection.105}{\376\377\000M\000o\000d\000e\000l\000\040\000C\000o\000n\000t\000r\000a\000c\000t\000\040\000\050\000F\000i\000x\000e\000d\000-\000A\000x\000i\000s\000\040\000D\000o\000m\000a\000i\000n\000s\000\051}{section.104}% 26
\BOOKMARK [2][-]{subsection.108}{\376\377\000Q\000u\000e\000r\000y\000\040\000F\000a\000m\000i\000l\000i\000e\000s\000\040\000a\000n\000d\000\040\000D\000i\000s\000t\000i\000n\000g\000u\000i\000s\000h\000i\000n\000g\000\040\000S\000e\000t\000s}{section.104}% 27
\BOOKMARK [2][-]{subsection.112}{\376\377\000M\000a\000t\000r\000o\000i\000d\000\040\000S\000t\000r\000u\000c\000t\000u\000r\000e\000\040\000o\000f\000\040\000Q\000u\000e\000r\000y\000\040\000F\000a\000m\000i\000l\000i\000e\000s}{section.104}% 28
\BOOKMARK [2][-]{subsection.121}{\376\377\000I\000m\000p\000l\000i\000c\000a\000t\000i\000o\000n\000s\000\040\000f\000o\000r\000\040\000W\000i\000t\000n\000e\000s\000s\000\040\000C\000o\000s\000t}{section.104}% 29
\BOOKMARK [1][-]{section.123}{\376\377\000W\000i\000t\000n\000e\000s\000s\000\040\000C\000o\000s\000t\000\040\000A\000n\000a\000l\000y\000s\000i\000s}{}% 30
\BOOKMARK [2][-]{subsection.124}{\376\377\000W\000i\000t\000n\000e\000s\000s\000\040\000C\000o\000s\000t\000\040\000f\000o\000r\000\040\000C\000l\000a\000s\000s\000\040\000I\000d\000e\000n\000t\000i\000t\000y}{section.123}% 31
\BOOKMARK [2][-]{subsection.129}{\376\377\000W\000i\000t\000n\000e\000s\000s\000\040\000C\000o\000s\000t\000\040\000C\000o\000m\000p\000a\000r\000i\000s\000o\000n}{section.123}% 32
\BOOKMARK [1][-]{section.132}{\376\377\000\050\000L\000,\000\040\000W\000,\000\040\000D\000\051\000\040\000O\000p\000t\000i\000m\000a\000l\000i\000t\000y}{}% 33
\BOOKMARK [2][-]{subsection.133}{\376\377\000T\000h\000r\000e\000e\000-\000D\000i\000m\000e\000n\000s\000i\000o\000n\000a\000l\000\040\000T\000r\000a\000d\000e\000o\000f\000f\000:\000\040\000T\000a\000g\000\040\000L\000e\000n\000g\000t\000h\000,\000\040\000W\000i\000t\000n\000e\000s\000s\000\040\000C\000o\000s\000t\000,\000\040\000D\000i\000s\000t\000o\000r\000t\000i\000o\000n}{section.132}% 34
\BOOKMARK [2][-]{subsection.144}{\376\377\000P\000a\000r\000e\000t\000o\000\040\000F\000r\000o\000n\000t\000i\000e\000r}{section.132}% 35
\BOOKMARK [1][-]{section.149}{\376\377\000C\000r\000o\000s\000s\000-\000D\000o\000m\000a\000i\000n\000\040\000I\000n\000s\000t\000a\000n\000t\000i\000a\000t\000i\000o\000n\000s}{}% 36
\BOOKMARK [2][-]{subsection.150}{\376\377\000B\000i\000o\000l\000o\000g\000i\000c\000a\000l\000\040\000T\000a\000x\000o\000n\000o\000m\000y\000:\000\040\000P\000h\000e\000n\000o\000t\000y\000p\000e\000\040\000v\000s\000\040\000G\000e\000n\000o\000t\000y\000p\000e}{section.149}% 37
\BOOKMARK [2][-]{subsection.151}{\376\377\000L\000i\000b\000r\000a\000r\000y\000\040\000C\000l\000a\000s\000s\000i\000f\000i\000c\000a\000t\000i\000o\000n\000:\000\040\000S\000u\000b\000j\000e\000c\000t\000\040\000v\000s\000\040\000I\000S\000B\000N}{section.149}% 38
\BOOKMARK [2][-]{subsection.152}{\376\377\000D\000a\000t\000a\000b\000a\000s\000e\000\040\000S\000y\000s\000t\000e\000m\000s\000:\000\040\000C\000o\000l\000u\000m\000n\000s\000\040\000v\000s\000\040\000P\000r\000i\000m\000a\000r\000y\000\040\000K\000e\000y\000s}{section.149}% 39
\BOOKMARK [2][-]{subsection.153}{\376\377\000P\000r\000o\000g\000r\000a\000m\000m\000i\000n\000g\000-\000L\000a\000n\000g\000u\000a\000g\000e\000\040\000S\000n\000a\000p\000s\000h\000o\000t\000\040\000\050\000S\000e\000c\000o\000n\000d\000a\000r\000y\000\040\000I\000l\000l\000u\000s\000t\000r\000a\000t\000i\000o\000n\000\051}{section.149}% 40
\BOOKMARK [2][-]{subsection.156}{\376\377\000C\000r\000o\000s\000s\000-\000D\000o\000m\000a\000i\000n\000\040\000S\000u\000m\000m\000a\000r\000y}{section.149}% 41
\BOOKMARK [2][-]{subsection.159}{\376\377\000M\000a\000c\000h\000i\000n\000e\000\040\000L\000e\000a\000r\000n\000i\000n\000g\000:\000\040\000M\000o\000d\000e\000l\000\040\000I\000d\000e\000n\000t\000i\000f\000i\000c\000a\000t\000i\000o\000n\000\040\000a\000n\000d\000\040\000V\000e\000r\000s\000i\000o\000n\000i\000n\000g}{section.149}% 42
\BOOKMARK [1][-]{section.160}{\376\377\000E\000x\000t\000e\000n\000s\000i\000o\000n\000s}{}% 43
\BOOKMARK [2][-]{subsection.161}{\376\377\000N\000o\000i\000s\000y\000\040\000Q\000u\000e\000r\000y\000\040\000M\000o\000d\000e\000l}{section.160}% 44
\BOOKMARK [2][-]{subsection.164}{\376\377\000R\000a\000t\000e\000-\000D\000i\000s\000t\000o\000r\000t\000i\000o\000n\000-\000Q\000u\000e\000r\000y\000\040\000T\000r\000a\000d\000e\000o\000f\000f\000\040\000S\000u\000r\000f\000a\000c\000e}{section.160}% 45
\BOOKMARK [2][-]{subsection.165}{\376\377\000S\000e\000m\000a\000n\000t\000i\000c\000\040\000D\000i\000s\000t\000o\000r\000t\000i\000o\000n\000\040\000M\000e\000a\000s\000u\000r\000e\000s}{section.160}% 46
\BOOKMARK [2][-]{subsection.166}{\376\377\000P\000r\000i\000v\000a\000c\000y\000\040\000a\000n\000d\000\040\000S\000e\000c\000u\000r\000i\000t\000y}{section.160}% 47
\BOOKMARK [2][-]{subsection.167}{\376\377\000C\000o\000n\000n\000e\000c\000t\000i\000o\000n\000\040\000t\000o\000\040\000R\000a\000t\000e\000-\000D\000i\000s\000t\000o\000r\000t\000i\000o\000n\000-\000P\000e\000r\000c\000e\000p\000t\000i\000o\000n\000\040\000T\000h\000e\000o\000r\000y}{section.160}% 48
\BOOKMARK [1][-]{section.168}{\376\377\000C\000o\000n\000c\000l\000u\000s\000i\000o\000n}{}% 49
\BOOKMARK [2][-]{subsection.172}{\376\377\000A\000\040\000R\000e\000c\000u\000r\000r\000i\000n\000g\000\040\000D\000e\000s\000i\000g\000n\000\040\000C\000o\000n\000s\000t\000r\000a\000i\000n\000t}{section.168}% 50
\BOOKMARK [2][-]{subsection.173}{\376\377\000I\000m\000p\000l\000i\000c\000a\000t\000i\000o\000n\000s}{section.168}% 51
\BOOKMARK [2][-]{subsection.174}{\376\377\000F\000u\000t\000u\000r\000e\000\040\000W\000o\000r\000k}{section.168}% 52
\BOOKMARK [2][-]{subsection.175}{\376\377\000C\000o\000n\000c\000l\000u\000s\000i\000o\000n}{section.168}% 53
\BOOKMARK [1][-]{section*.177}{\376\377\000R\000e\000f\000e\000r\000e\000n\000c\000e\000s}{}% 54
\BOOKMARK [1][-]{section*.179}{\376\377\000A\000p\000p\000e\000n\000d\000i\000x}{}% 55
\BOOKMARK [2][-]{subsection.180}{\376\377\000F\000o\000r\000m\000a\000l\000i\000z\000a\000t\000i\000o\000n\000\040\000a\000n\000d\000\040\000V\000e\000r\000i\000f\000i\000c\000a\000t\000i\000o\000n}{section*.179}% 56
\BOOKMARK [2][-]{subsection.186}{\376\377\000A\000t\000t\000r\000i\000b\000u\000t\000e\000-\000O\000n\000l\000y\000\040\000F\000o\000r\000m\000a\000l\000i\000z\000a\000t\000i\000o\000n}{section*.179}% 57
\BOOKMARK [2][-]{subsection.201}{\376\377\000C\000o\000r\000o\000l\000l\000a\000r\000y\000\040\0006\000.\0003\000:\000\040\000P\000r\000o\000v\000e\000n\000a\000n\000c\000e\000\040\000I\000m\000p\000o\000s\000s\000i\000b\000i\000l\000i\000t\000y}{section*.179}% 58
\BOOKMARK [2][-]{subsection.210}{\376\377\000A\000b\000s\000t\000r\000a\000c\000t\000\040\000M\000o\000d\000e\000l\000\040\000L\000e\000a\000n\000\040\000F\000o\000r\000m\000a\000l\000i\000z\000a\000t\000i\000o\000n}{section*.179}% 59
\BOOKMARK [2][-]{subsection.221}{\376\377\000R\000e\000p\000r\000o\000d\000u\000c\000i\000b\000i\000l\000i\000t\000y}{section*.179}% 60
