\BOOKMARK [1][-]{section.1}{\376\377\000I\000n\000t\000r\000o\000d\000u\000c\000t\000i\000o\000n}{}% 1
\BOOKMARK [2][-]{subsection.1.1}{\376\377\000D\000e\000f\000i\000n\000i\000t\000i\000o\000n\000s}{section.1}% 2
\BOOKMARK [2][-]{subsection.1.2}{\376\377\000D\000O\000F\000-\000R\000e\000l\000i\000a\000b\000i\000l\000i\000t\000y\000\040\000I\000s\000o\000m\000o\000r\000p\000h\000i\000s\000m}{section.1}% 3
\BOOKMARK [2][-]{subsection.1.3}{\376\377\000L\000e\000v\000e\000r\000a\000g\000e\000\040\000G\000a\000p}{section.1}% 4
\BOOKMARK [2][-]{subsection.1.4}{\376\377\000S\000u\000b\000s\000u\000m\000p\000t\000i\000o\000n\000\040\000o\000f\000\040\000P\000r\000i\000o\000r\000\040\000R\000e\000s\000u\000l\000t\000s}{section.1}% 5
\BOOKMARK [2][-]{subsection.1.5}{\376\377\000O\000r\000g\000a\000n\000i\000z\000a\000t\000i\000o\000n}{section.1}% 6
\BOOKMARK [2][-]{subsection.1.6}{\376\377\000S\000c\000o\000p\000e\000\040\000a\000n\000d\000\040\000L\000i\000m\000i\000t\000a\000t\000i\000o\000n\000s}{section.1}% 7
\BOOKMARK [2][-]{subsection.1.7}{\376\377\000R\000o\000a\000d\000m\000a\000p}{section.1}% 8
\BOOKMARK [1][-]{section.2}{\376\377\000F\000o\000u\000n\000d\000a\000t\000i\000o\000n\000s}{}% 9
\BOOKMARK [2][-]{subsection.2.1}{\376\377\000A\000r\000c\000h\000i\000t\000e\000c\000t\000u\000r\000e\000\040\000S\000t\000a\000t\000e\000\040\000S\000p\000a\000c\000e}{section.2}% 10
\BOOKMARK [2][-]{subsection.2.2}{\376\377\000D\000e\000g\000r\000e\000e\000s\000\040\000o\000f\000\040\000F\000r\000e\000e\000d\000o\000m}{section.2}% 11
\BOOKMARK [2][-]{subsection.2.3}{\376\377\000C\000a\000p\000a\000b\000i\000l\000i\000t\000i\000e\000s}{section.2}% 12
\BOOKMARK [2][-]{subsection.2.4}{\376\377\000L\000e\000v\000e\000r\000a\000g\000e}{section.2}% 13
\BOOKMARK [2][-]{subsection.2.5}{\376\377\000M\000o\000d\000i\000f\000i\000c\000a\000t\000i\000o\000n\000\040\000C\000o\000m\000p\000l\000e\000x\000i\000t\000y}{section.2}% 14
\BOOKMARK [2][-]{subsection.2.6}{\376\377\000F\000o\000r\000m\000a\000l\000i\000z\000a\000t\000i\000o\000n\000\040\000i\000n\000\040\000L\000e\000a\000n}{section.2}% 15
\BOOKMARK [1][-]{section.3}{\376\377\000P\000r\000o\000b\000a\000b\000i\000l\000i\000t\000y\000\040\000M\000o\000d\000e\000l}{}% 16
\BOOKMARK [2][-]{subsection.3.1}{\376\377\000I\000n\000d\000e\000p\000e\000n\000d\000e\000n\000t\000\040\000E\000r\000r\000o\000r\000s\000\040\000A\000s\000s\000u\000m\000p\000t\000i\000o\000n}{section.3}% 17
\BOOKMARK [2][-]{subsection.3.2}{\376\377\000E\000r\000r\000o\000r\000\040\000P\000r\000o\000b\000a\000b\000i\000l\000i\000t\000y\000\040\000F\000o\000r\000m\000u\000l\000a}{section.3}% 18
\BOOKMARK [2][-]{subsection.3.3}{\376\377\000E\000x\000p\000e\000c\000t\000e\000d\000\040\000E\000r\000r\000o\000r\000s}{section.3}% 19
\BOOKMARK [2][-]{subsection.3.4}{\376\377\000C\000o\000n\000n\000e\000c\000t\000i\000o\000n\000\040\000t\000o\000\040\000R\000e\000l\000i\000a\000b\000i\000l\000i\000t\000y\000\040\000T\000h\000e\000o\000r\000y}{section.3}% 20
\BOOKMARK [2][-]{subsection.3.5}{\376\377\000F\000o\000r\000m\000a\000l\000i\000z\000a\000t\000i\000o\000n}{section.3}% 21
\BOOKMARK [1][-]{section.4}{\376\377\000M\000a\000i\000n\000\040\000T\000h\000e\000o\000r\000e\000m\000s}{}% 22
\BOOKMARK [2][-]{subsection.4.1}{\376\377\000R\000e\000c\000a\000p\000:\000\040\000D\000O\000F\000-\000R\000e\000l\000i\000a\000b\000i\000l\000i\000t\000y\000\040\000I\000s\000o\000m\000o\000r\000p\000h\000i\000s\000m}{section.4}% 23
\BOOKMARK [2][-]{subsection.4.2}{\376\377\000T\000h\000e\000\040\000L\000e\000v\000e\000r\000a\000g\000e\000\040\000M\000a\000x\000i\000m\000i\000z\000a\000t\000i\000o\000n\000\040\000P\000r\000i\000n\000c\000i\000p\000l\000e}{section.4}% 24
\BOOKMARK [2][-]{subsection.4.3}{\376\377\000L\000e\000v\000e\000r\000a\000g\000e\000-\000E\000r\000r\000o\000r\000\040\000T\000r\000a\000d\000e\000o\000f\000f}{section.4}% 25
\BOOKMARK [2][-]{subsection.4.4}{\376\377\000M\000e\000t\000a\000p\000r\000o\000g\000r\000a\000m\000m\000i\000n\000g\000\040\000D\000o\000m\000i\000n\000a\000n\000c\000e}{section.4}% 26
\BOOKMARK [2][-]{subsection.4.5}{\376\377\000A\000r\000c\000h\000i\000t\000e\000c\000t\000u\000r\000a\000l\000\040\000D\000e\000c\000i\000s\000i\000o\000n\000\040\000C\000r\000i\000t\000e\000r\000i\000o\000n}{section.4}% 27
\BOOKMARK [2][-]{subsection.4.6}{\376\377\000L\000e\000v\000e\000r\000a\000g\000e\000\040\000C\000o\000m\000p\000o\000s\000i\000t\000i\000o\000n}{section.4}% 28
\BOOKMARK [2][-]{subsection.4.7}{\376\377\000F\000o\000r\000m\000a\000l\000i\000z\000a\000t\000i\000o\000n}{section.4}% 29
\BOOKMARK [2][-]{subsection.4.8}{\376\377\000C\000r\000o\000s\000s\000-\000P\000a\000p\000e\000r\000\040\000I\000n\000t\000e\000g\000r\000a\000t\000i\000o\000n}{section.4}% 30
\BOOKMARK [1][-]{section.5}{\376\377\000I\000n\000s\000t\000a\000n\000c\000e\000s}{}% 31
\BOOKMARK [2][-]{subsection.5.1}{\376\377\000I\000n\000s\000t\000a\000n\000c\000e\000\040\0001\000:\000\040\000S\000i\000n\000g\000l\000e\000\040\000S\000o\000u\000r\000c\000e\000\040\000o\000f\000\040\000T\000r\000u\000t\000h\000\040\000\050\000S\000S\000O\000T\000\051}{section.5}% 32
\BOOKMARK [3][-]{subsubsection.5.1.1}{\376\377\000P\000r\000i\000o\000r\000\040\000R\000e\000s\000u\000l\000t}{subsection.5.1}% 33
\BOOKMARK [3][-]{subsubsection.5.1.2}{\376\377\000L\000e\000v\000e\000r\000a\000g\000e\000\040\000P\000e\000r\000s\000p\000e\000c\000t\000i\000v\000e}{subsection.5.1}% 34
\BOOKMARK [2][-]{subsection.5.2}{\376\377\000I\000n\000s\000t\000a\000n\000c\000e\000\040\0002\000:\000\040\000N\000o\000m\000i\000n\000a\000l\000\040\000T\000y\000p\000i\000n\000g\000\040\000D\000o\000m\000i\000n\000a\000n\000c\000e}{section.5}% 35
\BOOKMARK [3][-]{subsubsection.5.2.1}{\376\377\000P\000r\000i\000o\000r\000\040\000R\000e\000s\000u\000l\000t}{subsection.5.2}% 36
\BOOKMARK [3][-]{subsubsection.5.2.2}{\376\377\000L\000e\000v\000e\000r\000a\000g\000e\000\040\000P\000e\000r\000s\000p\000e\000c\000t\000i\000v\000e}{subsection.5.2}% 37
\BOOKMARK [2][-]{subsection.5.3}{\376\377\000I\000n\000s\000t\000a\000n\000c\000e\000\040\0003\000:\000\040\000M\000i\000c\000r\000o\000s\000e\000r\000v\000i\000c\000e\000s\000\040\000A\000r\000c\000h\000i\000t\000e\000c\000t\000u\000r\000e}{section.5}% 38
\BOOKMARK [3][-]{subsubsection.5.3.1}{\376\377\000A\000r\000c\000h\000i\000t\000e\000c\000t\000u\000r\000e\000\040\000C\000o\000m\000p\000a\000r\000i\000s\000o\000n}{subsection.5.3}% 39
\BOOKMARK [3][-]{subsubsection.5.3.2}{\376\377\000L\000e\000v\000e\000r\000a\000g\000e\000\040\000A\000n\000a\000l\000y\000s\000i\000s}{subsection.5.3}% 40
\BOOKMARK [2][-]{subsection.5.4}{\376\377\000I\000n\000s\000t\000a\000n\000c\000e\000\040\0004\000:\000\040\000R\000E\000S\000T\000\040\000A\000P\000I\000\040\000D\000e\000s\000i\000g\000n}{section.5}% 41
\BOOKMARK [3][-]{subsubsection.5.4.1}{\376\377\000A\000r\000c\000h\000i\000t\000e\000c\000t\000u\000r\000e\000\040\000C\000o\000m\000p\000a\000r\000i\000s\000o\000n}{subsection.5.4}% 42
\BOOKMARK [3][-]{subsubsection.5.4.2}{\376\377\000L\000e\000v\000e\000r\000a\000g\000e\000\040\000A\000n\000a\000l\000y\000s\000i\000s}{subsection.5.4}% 43
\BOOKMARK [2][-]{subsection.5.5}{\376\377\000I\000n\000s\000t\000a\000n\000c\000e\000\040\0005\000:\000\040\000C\000o\000n\000f\000i\000g\000u\000r\000a\000t\000i\000o\000n\000\040\000S\000y\000s\000t\000e\000m\000s}{section.5}% 44
\BOOKMARK [3][-]{subsubsection.5.5.1}{\376\377\000A\000r\000c\000h\000i\000t\000e\000c\000t\000u\000r\000e\000\040\000C\000o\000m\000p\000a\000r\000i\000s\000o\000n}{subsection.5.5}% 45
\BOOKMARK [3][-]{subsubsection.5.5.2}{\376\377\000L\000e\000v\000e\000r\000a\000g\000e\000\040\000A\000n\000a\000l\000y\000s\000i\000s}{subsection.5.5}% 46
\BOOKMARK [2][-]{subsection.5.6}{\376\377\000I\000n\000s\000t\000a\000n\000c\000e\000\040\0006\000:\000\040\000D\000a\000t\000a\000b\000a\000s\000e\000\040\000S\000c\000h\000e\000m\000a\000\040\000N\000o\000r\000m\000a\000l\000i\000z\000a\000t\000i\000o\000n}{section.5}% 47
\BOOKMARK [3][-]{subsubsection.5.6.1}{\376\377\000A\000r\000c\000h\000i\000t\000e\000c\000t\000u\000r\000e\000\040\000C\000o\000m\000p\000a\000r\000i\000s\000o\000n}{subsection.5.6}% 48
\BOOKMARK [3][-]{subsubsection.5.6.2}{\376\377\000L\000e\000v\000e\000r\000a\000g\000e\000\040\000A\000n\000a\000l\000y\000s\000i\000s}{subsection.5.6}% 49
\BOOKMARK [2][-]{subsection.5.7}{\376\377\000S\000u\000m\000m\000a\000r\000y\000\040\000o\000f\000\040\000I\000n\000s\000t\000a\000n\000c\000e\000s}{section.5}% 50
\BOOKMARK [1][-]{section.6}{\376\377\000P\000r\000a\000c\000t\000i\000c\000a\000l\000\040\000D\000e\000m\000o\000n\000s\000t\000r\000a\000t\000i\000o\000n}{}% 51
\BOOKMARK [2][-]{subsection.6.1}{\376\377\000T\000h\000e\000\040\000L\000e\000v\000e\000r\000a\000g\000e\000\040\000M\000e\000c\000h\000a\000n\000i\000s\000m}{section.6}% 52
\BOOKMARK [2][-]{subsection.6.2}{\376\377\000V\000e\000r\000i\000f\000i\000a\000b\000l\000e\000\040\000E\000x\000a\000m\000p\000l\000e\000:\000\040\000P\000R\000\040\000\043\0004\0004\000\040\000\050\000C\000o\000n\000t\000r\000a\000c\000t\000\040\000E\000n\000f\000o\000r\000c\000e\000m\000e\000n\000t\000\051}{section.6}% 53
\BOOKMARK [2][-]{subsection.6.3}{\376\377\000L\000e\000v\000e\000r\000a\000g\000e\000\040\000A\000r\000c\000h\000e\000t\000y\000p\000e\000s}{section.6}% 54
\BOOKMARK [3][-]{subsubsection.6.3.1}{\376\377\000A\000r\000c\000h\000e\000t\000y\000p\000e\000\040\0001\000:\000\040\000S\000S\000O\000T\000\040\000\050\000S\000i\000n\000g\000l\000e\000\040\000S\000o\000u\000r\000c\000e\000\040\000o\000f\000\040\000T\000r\000u\000t\000h\000\051}{subsection.6.3}% 55
\BOOKMARK [3][-]{subsubsection.6.3.2}{\376\377\000A\000r\000c\000h\000e\000t\000y\000p\000e\000\040\0002\000:\000\040\000C\000o\000n\000v\000e\000n\000t\000i\000o\000n\000\040\000o\000v\000e\000r\000\040\000C\000o\000n\000f\000i\000g\000u\000r\000a\000t\000i\000o\000n}{subsection.6.3}% 56
\BOOKMARK [3][-]{subsubsection.6.3.3}{\376\377\000A\000r\000c\000h\000e\000t\000y\000p\000e\000\040\0003\000:\000\040\000G\000e\000n\000e\000r\000i\000c\000\040\000A\000b\000s\000t\000r\000a\000c\000t\000i\000o\000n}{subsection.6.3}% 57
\BOOKMARK [3][-]{subsubsection.6.3.4}{\376\377\000A\000r\000c\000h\000e\000t\000y\000p\000e\000\040\0004\000:\000\040\000C\000e\000n\000t\000r\000a\000l\000i\000z\000a\000t\000i\000o\000n}{subsection.6.3}% 58
\BOOKMARK [2][-]{subsection.6.4}{\376\377\000S\000u\000m\000m\000a\000r\000y}{section.6}% 59
\BOOKMARK [1][-]{section.7}{\376\377\000R\000e\000l\000a\000t\000e\000d\000\040\000W\000o\000r\000k}{}% 60
\BOOKMARK [2][-]{subsection.7.1}{\376\377\000S\000o\000f\000t\000w\000a\000r\000e\000\040\000A\000r\000c\000h\000i\000t\000e\000c\000t\000u\000r\000e\000\040\000M\000e\000t\000r\000i\000c\000s}{section.7}% 61
\BOOKMARK [2][-]{subsection.7.2}{\376\377\000D\000e\000s\000i\000g\000n\000\040\000P\000a\000t\000t\000e\000r\000n\000s}{section.7}% 62
\BOOKMARK [2][-]{subsection.7.3}{\376\377\000T\000e\000c\000h\000n\000i\000c\000a\000l\000\040\000D\000e\000b\000t}{section.7}% 63
\BOOKMARK [2][-]{subsection.7.4}{\376\377\000F\000o\000r\000m\000a\000l\000\040\000M\000e\000t\000h\000o\000d\000s\000\040\000i\000n\000\040\000S\000o\000f\000t\000w\000a\000r\000e\000\040\000A\000r\000c\000h\000i\000t\000e\000c\000t\000u\000r\000e}{section.7}% 64
\BOOKMARK [2][-]{subsection.7.5}{\376\377\000S\000o\000f\000t\000w\000a\000r\000e\000\040\000M\000e\000t\000r\000i\000c\000s\000\040\000R\000e\000s\000e\000a\000r\000c\000h}{section.7}% 65
\BOOKMARK [2][-]{subsection.7.6}{\376\377\000M\000e\000t\000a\000p\000r\000o\000g\000r\000a\000m\000m\000i\000n\000g\000\040\000a\000n\000d\000\040\000R\000e\000f\000l\000e\000c\000t\000i\000o\000n}{section.7}% 66
\BOOKMARK [1][-]{section.8}{\376\377\000E\000x\000t\000e\000n\000s\000i\000o\000n\000:\000\040\000W\000e\000i\000g\000h\000t\000e\000d\000\040\000L\000e\000v\000e\000r\000a\000g\000e}{}% 67
\BOOKMARK [2][-]{subsection.8.1}{\376\377\000W\000e\000i\000g\000h\000t\000e\000d\000\040\000D\000e\000c\000i\000s\000i\000o\000n\000\040\000F\000r\000a\000m\000e\000w\000o\000r\000k}{section.8}% 68
\BOOKMARK [2][-]{subsection.8.2}{\376\377\000K\000e\000y\000\040\000T\000h\000e\000o\000r\000e\000m\000s}{section.8}% 69
\BOOKMARK [2][-]{subsection.8.3}{\376\377\000P\000r\000a\000c\000t\000i\000c\000a\000l\000\040\000A\000p\000p\000l\000i\000c\000a\000t\000i\000o\000n\000:\000\040\000F\000e\000a\000t\000u\000r\000e\000\040\000F\000l\000a\000g\000s}{section.8}% 70
\BOOKMARK [2][-]{subsection.8.4}{\376\377\000C\000o\000n\000n\000e\000c\000t\000i\000o\000n\000\040\000t\000o\000\040\000M\000a\000i\000n\000\040\000T\000h\000e\000o\000r\000e\000m\000s}{section.8}% 71
\BOOKMARK [1][-]{section.9}{\376\377\000C\000o\000n\000c\000l\000u\000s\000i\000o\000n}{}% 72
\BOOKMARK [2][-]{subsection.9.1}{\376\377\000M\000e\000t\000h\000o\000d\000o\000l\000o\000g\000y\000\040\000a\000n\000d\000\040\000D\000i\000s\000c\000l\000o\000s\000u\000r\000e}{section.9}% 73
\BOOKMARK [2][-]{subsection.9.2}{\376\377\000S\000u\000m\000m\000a\000r\000y}{section.9}% 74
\BOOKMARK [2][-]{subsection.9.3}{\376\377\000D\000e\000c\000i\000s\000i\000o\000n\000\040\000P\000r\000o\000c\000e\000d\000u\000r\000e}{section.9}% 75
\BOOKMARK [2][-]{subsection.9.4}{\376\377\000L\000i\000m\000i\000t\000a\000t\000i\000o\000n\000s}{section.9}% 76
\BOOKMARK [2][-]{subsection.9.5}{\376\377\000F\000u\000t\000u\000r\000e\000\040\000W\000o\000r\000k}{section.9}% 77
\BOOKMARK [2][-]{subsection.9.6}{\376\377\000I\000m\000p\000a\000c\000t}{section.9}% 78
\BOOKMARK [2][-]{subsection.9.7}{\376\377\000F\000i\000n\000a\000l\000\040\000R\000e\000m\000a\000r\000k\000s}{section.9}% 79
\BOOKMARK [1][-]{appendix.A}{\376\377\000L\000e\000a\000n\000\040\000P\000r\000o\000o\000f\000\040\000L\000i\000s\000t\000i\000n\000g\000s}{}% 80
\BOOKMARK [2][-]{subsection.A.1}{\376\377\000O\000n\000\040\000t\000h\000e\000\040\000N\000a\000t\000u\000r\000e\000\040\000o\000f\000\040\000F\000o\000u\000n\000d\000a\000t\000i\000o\000n\000a\000l\000\040\000P\000r\000o\000o\000f\000s}{appendix.A}% 81
\BOOKMARK [2][-]{subsection.A.2}{\376\377\000F\000o\000u\000n\000d\000a\000t\000i\000o\000n\000s\000\040\000M\000o\000d\000u\000l\000e}{appendix.A}% 82
\BOOKMARK [2][-]{subsection.A.3}{\376\377\000P\000r\000o\000b\000a\000b\000i\000l\000i\000t\000y\000\040\000M\000o\000d\000u\000l\000e}{appendix.A}% 83
\BOOKMARK [2][-]{subsection.A.4}{\376\377\000M\000a\000i\000n\000\040\000T\000h\000e\000o\000r\000e\000m\000s\000\040\000M\000o\000d\000u\000l\000e}{appendix.A}% 84
\BOOKMARK [2][-]{subsection.A.5}{\376\377\000W\000e\000i\000g\000h\000t\000e\000d\000\040\000L\000e\000v\000e\000r\000a\000g\000e\000\040\000M\000o\000d\000u\000l\000e\000\040\000\050\000K\000e\000y\000\040\000R\000e\000s\000u\000l\000t\000\051}{appendix.A}% 85
\BOOKMARK [2][-]{subsection.A.6}{\376\377\000V\000e\000r\000i\000f\000i\000c\000a\000t\000i\000o\000n\000\040\000S\000u\000m\000m\000a\000r\000y}{appendix.A}% 86
\BOOKMARK [1][-]{appendix.B}{\376\377\000P\000r\000e\000e\000m\000p\000t\000i\000v\000e\000\040\000R\000e\000b\000u\000t\000t\000a\000l\000s}{}% 87
\BOOKMARK [2][-]{subsection.B.1}{\376\377\000O\000b\000j\000e\000c\000t\000i\000o\000n\000\040\0001\000:\000\040\000`\000`\000L\000e\000v\000e\000r\000a\000g\000e\000\040\000i\000s\000\040\000j\000u\000s\000t\000\040\000a\000\040\000h\000e\000u\000r\000i\000s\000t\000i\000c\000,\000\040\000n\000o\000t\000\040\000r\000i\000g\000o\000r\000o\000u\000s\000'\000'}{appendix.B}% 88
\BOOKMARK [2][-]{subsection.B.2}{\376\377\000O\000b\000j\000e\000c\000t\000i\000o\000n\000\040\0002\000:\000\040\000`\000`\000D\000i\000f\000f\000e\000r\000e\000n\000t\000\040\000d\000o\000m\000a\000i\000n\000s\000\040\000n\000e\000e\000d\000\040\000d\000i\000f\000f\000e\000r\000e\000n\000t\000\040\000m\000e\000t\000r\000i\000c\000s\000'\000'}{appendix.B}% 89
\BOOKMARK [2][-]{subsection.B.3}{\376\377\000O\000b\000j\000e\000c\000t\000i\000o\000n\000\040\0003\000:\000\040\000`\000`\000C\000a\000p\000a\000b\000i\000l\000i\000t\000i\000e\000s\000\040\000c\000a\000n\000'\000t\000\040\000b\000e\000\040\000q\000u\000a\000n\000t\000i\000f\000i\000e\000d\000'\000'}{appendix.B}% 90
\BOOKMARK [2][-]{subsection.B.4}{\376\377\000O\000b\000j\000e\000c\000t\000i\000o\000n\000\040\0004\000:\000\040\000`\000`\000S\000S\000O\000T\000\040\000i\000s\000\040\000o\000n\000l\000y\000\040\000r\000e\000l\000e\000v\000a\000n\000t\000\040\000f\000o\000r\000\040\000P\000y\000t\000h\000o\000n\000'\000'}{appendix.B}% 91
\BOOKMARK [2][-]{subsection.B.5}{\376\377\000O\000b\000j\000e\000c\000t\000i\000o\000n\000\040\0005\000:\000\040\000`\000`\000I\000n\000d\000e\000p\000e\000n\000d\000e\000n\000c\000e\000\040\000a\000s\000s\000u\000m\000p\000t\000i\000o\000n\000\040\000i\000s\000\040\000u\000n\000r\000e\000a\000l\000i\000s\000t\000i\000c\000'\000'}{appendix.B}% 92
\BOOKMARK [2][-]{subsection.B.6}{\376\377\000O\000b\000j\000e\000c\000t\000i\000o\000n\000\040\0006\000:\000\040\000`\000`\000P\000e\000r\000f\000o\000r\000m\000a\000n\000c\000e\000\040\000m\000a\000t\000t\000e\000r\000s\000\040\000m\000o\000r\000e\000\040\000t\000h\000a\000n\000\040\000e\000r\000r\000o\000r\000\040\000p\000r\000o\000b\000a\000b\000i\000l\000i\000t\000y\000'\000'}{appendix.B}% 93
\BOOKMARK [2][-]{subsection.B.7}{\376\377\000O\000b\000j\000e\000c\000t\000i\000o\000n\000\040\0007\000:\000\040\000`\000`\000C\000a\000s\000e\000\040\000s\000t\000u\000d\000i\000e\000s\000\040\000a\000r\000e\000\040\000c\000h\000e\000r\000r\000y\000-\000p\000i\000c\000k\000e\000d\000'\000'}{appendix.B}% 94
\BOOKMARK [2][-]{subsection.B.8}{\376\377\000O\000b\000j\000e\000c\000t\000i\000o\000n\000\040\0008\000:\000\040\000`\000`\000T\000h\000e\000\040\000L\000e\000a\000n\000\040\000p\000r\000o\000o\000f\000s\000\040\000a\000r\000e\000\040\000t\000r\000i\000v\000i\000a\000l\000'\000'}{appendix.B}% 95
\BOOKMARK [1][-]{appendix.C}{\376\377\000C\000o\000m\000p\000l\000e\000t\000e\000\040\000T\000h\000e\000o\000r\000e\000m\000\040\000I\000n\000d\000e\000x}{}% 96
