\BOOKMARK [1][-]{section.1}{\376\377\000I\000n\000t\000r\000o\000d\000u\000c\000t\000i\000o\000n}{}% 1
\BOOKMARK [2][-]{subsection.1.1}{\376\377\000Z\000e\000r\000o\000-\000I\000n\000c\000o\000h\000e\000r\000e\000n\000c\000e\000\040\000C\000a\000p\000a\000c\000i\000t\000y}{section.1}% 2
\BOOKMARK [2][-]{subsection.1.2}{\376\377\000W\000h\000y\000\040\000T\000h\000i\000s\000\040\000I\000s\000\040\000a\000n\000\040\000I\000n\000f\000o\000r\000m\000a\000t\000i\000o\000n\000-\000T\000h\000e\000o\000r\000e\000t\000i\000c\000\040\000P\000r\000o\000b\000l\000e\000m}{section.1}% 3
\BOOKMARK [2][-]{subsection.1.3}{\376\377\000A\000p\000p\000l\000i\000c\000a\000t\000i\000o\000n\000s\000\040\000A\000c\000r\000o\000s\000s\000\040\000D\000o\000m\000a\000i\000n\000s}{section.1}% 4
\BOOKMARK [2][-]{subsection.1.4}{\376\377\000C\000o\000n\000n\000e\000c\000t\000i\000o\000n\000\040\000t\000o\000\040\000C\000l\000a\000s\000s\000i\000c\000a\000l\000\040\000I\000n\000f\000o\000r\000m\000a\000t\000i\000o\000n\000\040\000T\000h\000e\000o\000r\000y}{section.1}% 5
\BOOKMARK [2][-]{subsection.1.5}{\376\377\000R\000e\000a\000l\000i\000z\000a\000b\000i\000l\000i\000t\000y\000\040\000a\000n\000d\000\040\000A\000p\000p\000l\000i\000c\000a\000t\000i\000o\000n\000s}{section.1}% 6
\BOOKMARK [2][-]{subsection.1.6}{\376\377\000P\000a\000p\000e\000r\000\040\000O\000r\000g\000a\000n\000i\000z\000a\000t\000i\000o\000n}{section.1}% 7
\BOOKMARK [2][-]{subsection.1.7}{\376\377\000C\000o\000r\000e\000\040\000T\000h\000e\000o\000r\000e\000m\000s}{section.1}% 8
\BOOKMARK [2][-]{subsection.1.8}{\376\377\000S\000c\000o\000p\000e}{section.1}% 9
\BOOKMARK [2][-]{subsection.1.9}{\376\377\000C\000o\000n\000t\000r\000i\000b\000u\000t\000i\000o\000n\000s}{section.1}% 10
\BOOKMARK [1][-]{section.2}{\376\377\000E\000n\000c\000o\000d\000i\000n\000g\000\040\000S\000y\000s\000t\000e\000m\000s\000\040\000a\000n\000d\000\040\000C\000o\000h\000e\000r\000e\000n\000c\000e}{}% 11
\BOOKMARK [2][-]{subsection.2.1}{\376\377\000M\000o\000d\000e\000l\000\040\000a\000s\000s\000u\000m\000p\000t\000i\000o\000n\000s\000\040\000a\000n\000d\000\040\000n\000o\000t\000a\000t\000i\000o\000n}{section.2}% 12
\BOOKMARK [2][-]{subsection.2.2}{\376\377\000T\000h\000e\000\040\000E\000n\000c\000o\000d\000i\000n\000g\000\040\000M\000o\000d\000e\000l}{section.2}% 13
\BOOKMARK [2][-]{subsection.2.3}{\376\377\000C\000o\000m\000p\000u\000t\000a\000t\000i\000o\000n\000a\000l\000\040\000R\000e\000a\000l\000i\000z\000a\000t\000i\000o\000n\000s}{section.2}% 14
\BOOKMARK [2][-]{subsection.2.4}{\376\377\000F\000a\000c\000t\000s\000:\000\040\000A\000t\000o\000m\000i\000c\000\040\000U\000n\000i\000t\000s\000\040\000o\000f\000\040\000S\000p\000e\000c\000i\000f\000i\000c\000a\000t\000i\000o\000n}{section.2}% 15
\BOOKMARK [2][-]{subsection.2.5}{\376\377\000E\000n\000c\000o\000d\000i\000n\000g\000:\000\040\000T\000h\000e\000\040\000C\000o\000r\000r\000e\000c\000t\000n\000e\000s\000s\000\040\000R\000e\000l\000a\000t\000i\000o\000n\000s\000h\000i\000p}{section.2}% 16
\BOOKMARK [2][-]{subsection.2.6}{\376\377\000M\000o\000d\000i\000f\000i\000c\000a\000t\000i\000o\000n\000\040\000C\000o\000m\000p\000l\000e\000x\000i\000t\000y}{section.2}% 17
\BOOKMARK [2][-]{subsection.2.7}{\376\377\000I\000n\000d\000e\000p\000e\000n\000d\000e\000n\000c\000e\000\040\000a\000n\000d\000\040\000D\000e\000g\000r\000e\000e\000s\000\040\000o\000f\000\040\000F\000r\000e\000e\000d\000o\000m}{section.2}% 18
\BOOKMARK [2][-]{subsection.2.8}{\376\377\000T\000h\000e\000\040\000D\000O\000F\000\040\000L\000a\000t\000t\000i\000c\000e}{section.2}% 19
\BOOKMARK [2][-]{subsection.2.9}{\376\377\000E\000n\000c\000o\000d\000i\000n\000g\000-\000T\000h\000e\000o\000r\000e\000t\000i\000c\000\040\000C\000A\000P\000\040\000a\000n\000d\000\040\000F\000L\000P}{section.2}% 20
\BOOKMARK [2][-]{subsection.2.10}{\376\377\000I\000n\000f\000o\000r\000m\000a\000t\000i\000o\000n\000-\000T\000h\000e\000o\000r\000e\000t\000i\000c\000\040\000Q\000u\000a\000n\000t\000i\000t\000i\000e\000s}{section.2}% 21
\BOOKMARK [2][-]{subsection.2.11}{\376\377\000Z\000e\000r\000o\000-\000I\000n\000c\000o\000h\000e\000r\000e\000n\000c\000e\000\040\000C\000a\000p\000a\000c\000i\000t\000y\000\040\000T\000h\000e\000o\000r\000e\000m}{section.2}% 22
\BOOKMARK [3][-]{subsubsection.2.11.1}{\376\377\000Z\000e\000r\000o\000-\000D\000i\000s\000t\000o\000r\000t\000i\000o\000n\000\040\000B\000o\000u\000n\000d\000a\000r\000y}{subsection.2.11}% 23
\BOOKMARK [3][-]{subsubsection.2.11.2}{\376\377\000D\000e\000s\000i\000g\000n\000\040\000N\000e\000c\000e\000s\000s\000i\000t\000y}{subsection.2.11}% 24
\BOOKMARK [3][-]{subsubsection.2.11.3}{\376\377\000C\000o\000d\000i\000n\000g\000\040\000I\000n\000t\000e\000r\000p\000r\000e\000t\000a\000t\000i\000o\000n\000\040\000o\000f\000\040\000D\000e\000r\000i\000v\000a\000t\000i\000o\000n}{subsection.2.11}% 25
\BOOKMARK [3][-]{subsubsection.2.11.4}{\376\377\000C\000o\000n\000n\000e\000c\000t\000i\000o\000n\000\040\000t\000o\000\040\000C\000o\000n\000f\000u\000s\000a\000b\000i\000l\000i\000t\000y\000\040\000G\000r\000a\000p\000h\000s}{subsection.2.11}% 26
\BOOKMARK [2][-]{subsection.2.12}{\376\377\000S\000i\000d\000e\000\040\000I\000n\000f\000o\000r\000m\000a\000t\000i\000o\000n\000\040\000f\000o\000r\000\040\000R\000e\000s\000o\000l\000u\000t\000i\000o\000n}{section.2}% 27
\BOOKMARK [3][-]{subsubsection.2.12.1}{\376\377\000T\000h\000e\000\040\000M\000u\000l\000t\000i\000-\000T\000e\000r\000m\000i\000n\000a\000l\000\040\000V\000i\000e\000w}{subsection.2.12}% 28
\BOOKMARK [3][-]{subsubsection.2.12.2}{\376\377\000S\000i\000d\000e\000\040\000I\000n\000f\000o\000r\000m\000a\000t\000i\000o\000n\000\040\000B\000o\000u\000n\000d}{subsection.2.12}% 29
\BOOKMARK [3][-]{subsubsection.2.12.3}{\376\377\000M\000u\000l\000t\000i\000-\000T\000e\000r\000m\000i\000n\000a\000l\000\040\000C\000a\000p\000a\000c\000i\000t\000y\000\040\000I\000n\000t\000e\000r\000p\000r\000e\000t\000a\000t\000i\000o\000n}{subsection.2.12}% 30
\BOOKMARK [2][-]{subsection.2.13}{\376\377\000S\000t\000r\000u\000c\000t\000u\000r\000e\000\040\000T\000h\000e\000o\000r\000e\000m\000s\000:\000\040\000T\000h\000e\000\040\000D\000e\000r\000i\000v\000a\000t\000i\000o\000n\000\040\000L\000a\000t\000t\000i\000c\000e}{section.2}% 31
\BOOKMARK [1][-]{section.3}{\376\377\000D\000e\000r\000i\000v\000a\000t\000i\000o\000n\000\040\000a\000s\000\040\000t\000h\000e\000\040\000C\000a\000p\000a\000c\000i\000t\000y\000-\000A\000c\000h\000i\000e\000v\000i\000n\000g\000\040\000S\000t\000r\000u\000c\000t\000u\000r\000e}{}% 32
\BOOKMARK [2][-]{subsection.3.1}{\376\377\000R\000a\000t\000e\000\040\0001\000\040\000a\000s\000\040\000t\000h\000e\000\040\000E\000x\000a\000c\000t\000-\000C\000o\000n\000s\000i\000s\000t\000e\000n\000c\000y\000\040\000R\000e\000g\000i\000m\000e}{section.3}% 33
\BOOKMARK [2][-]{subsection.3.2}{\376\377\000I\000n\000f\000o\000r\000m\000a\000t\000i\000o\000n\000-\000t\000h\000e\000o\000r\000e\000t\000i\000c\000\040\000p\000r\000o\000o\000f\000\040\000s\000k\000e\000t\000c\000h\000e\000s}{section.3}% 34
\BOOKMARK [2][-]{subsection.3.3}{\376\377\000R\000a\000t\000e\000-\000C\000o\000m\000p\000l\000e\000x\000i\000t\000y\000\040\000T\000r\000a\000d\000e\000o\000f\000f}{section.3}% 35
\BOOKMARK [2][-]{subsection.3.4}{\376\377\000D\000e\000r\000i\000v\000a\000t\000i\000o\000n\000:\000\040\000T\000h\000e\000\040\000C\000o\000h\000e\000r\000e\000n\000c\000e\000\040\000M\000e\000c\000h\000a\000n\000i\000s\000m}{section.3}% 36
\BOOKMARK [2][-]{subsection.3.5}{\376\377\000I\000l\000l\000u\000s\000t\000r\000a\000t\000i\000v\000e\000\040\000R\000e\000a\000l\000i\000z\000a\000t\000i\000o\000n\000s}{section.3}% 37
\BOOKMARK [1][-]{section.4}{\376\377\000R\000e\000a\000l\000i\000z\000a\000b\000i\000l\000i\000t\000y\000\040\000R\000e\000q\000u\000i\000r\000e\000m\000e\000n\000t\000s\000\040\000f\000o\000r\000\040\000t\000h\000e\000\040\000C\000a\000p\000a\000c\000i\000t\000y\000-\000A\000c\000h\000i\000e\000v\000i\000n\000g\000\040\000R\000e\000g\000i\000m\000e}{}% 38
\BOOKMARK [2][-]{subsection.4.1}{\376\377\000C\000o\000n\000f\000u\000s\000a\000b\000i\000l\000i\000t\000y\000\040\000a\000n\000d\000\040\000S\000i\000d\000e\000-\000I\000n\000f\000o\000r\000m\000a\000t\000i\000o\000n}{section.4}% 39
\BOOKMARK [2][-]{subsection.4.2}{\376\377\000T\000h\000e\000\040\000S\000t\000r\000u\000c\000t\000u\000r\000a\000l\000\040\000T\000i\000m\000i\000n\000g\000\040\000C\000o\000n\000s\000t\000r\000a\000i\000n\000t}{section.4}% 40
\BOOKMARK [2][-]{subsection.4.3}{\376\377\000R\000e\000q\000u\000i\000r\000e\000m\000e\000n\000t\000\040\0001\000:\000\040\000C\000a\000u\000s\000a\000l\000\040\000U\000p\000d\000a\000t\000e\000\040\000P\000r\000o\000p\000a\000g\000a\000t\000i\000o\000n}{section.4}% 41
\BOOKMARK [2][-]{subsection.4.4}{\376\377\000R\000e\000q\000u\000i\000r\000e\000m\000e\000n\000t\000\040\0002\000:\000\040\000P\000r\000o\000v\000e\000n\000a\000n\000c\000e\000\040\000O\000b\000s\000e\000r\000v\000a\000b\000i\000l\000i\000t\000y}{section.4}% 42
\BOOKMARK [2][-]{subsection.4.5}{\376\377\000I\000n\000d\000e\000p\000e\000n\000d\000e\000n\000c\000e\000\040\000o\000f\000\040\000R\000e\000q\000u\000i\000r\000e\000m\000e\000n\000t\000s}{section.4}% 43
\BOOKMARK [2][-]{subsection.4.6}{\376\377\000T\000h\000e\000\040\000R\000e\000a\000l\000i\000z\000a\000b\000i\000l\000i\000t\000y\000\040\000T\000h\000e\000o\000r\000e\000m}{section.4}% 44
\BOOKMARK [2][-]{subsection.4.7}{\376\377\000C\000o\000n\000n\000e\000c\000t\000i\000o\000n\000\040\000t\000o\000\040\000W\000r\000i\000t\000e\000-\000O\000n\000c\000e\000\040\000M\000e\000m\000o\000r\000y\000\040\000C\000o\000d\000e\000s}{section.4}% 45
\BOOKMARK [2][-]{subsection.4.8}{\376\377\000T\000h\000e\000\040\000L\000o\000g\000i\000c\000a\000l\000\040\000C\000h\000a\000i\000n\000\040\000\050\000S\000u\000m\000m\000a\000r\000y\000\051}{section.4}% 46
\BOOKMARK [2][-]{subsection.4.9}{\376\377\000C\000o\000n\000c\000r\000e\000t\000e\000\040\000I\000m\000p\000o\000s\000s\000i\000b\000i\000l\000i\000t\000y\000\040\000D\000e\000m\000o\000n\000s\000t\000r\000a\000t\000i\000o\000n}{section.4}% 47
\BOOKMARK [2][-]{subsection.4.10}{\376\377\000S\000u\000m\000m\000a\000r\000y\000:\000\040\000T\000h\000e\000\040\000I\000n\000f\000o\000r\000m\000a\000t\000i\000o\000n\000-\000T\000h\000e\000o\000r\000e\000t\000i\000c\000\040\000R\000e\000q\000u\000i\000r\000e\000m\000e\000n\000t\000s}{section.4}% 48
\BOOKMARK [1][-]{section.5}{\376\377\000A\000p\000p\000l\000i\000c\000a\000t\000i\000o\000n\000:\000\040\000P\000r\000o\000g\000r\000a\000m\000m\000i\000n\000g\000-\000L\000a\000n\000g\000u\000a\000g\000e\000\040\000I\000n\000s\000t\000a\000n\000t\000i\000a\000t\000i\000o\000n}{}% 49
\BOOKMARK [2][-]{subsection.5.1}{\376\377\000E\000v\000a\000l\000u\000a\000t\000i\000o\000n\000\040\000C\000r\000i\000t\000e\000r\000i\000a}{section.5}% 50
\BOOKMARK [2][-]{subsection.5.2}{\376\377\000S\000u\000m\000m\000a\000r\000y\000\040\000C\000l\000a\000s\000s\000i\000f\000i\000c\000a\000t\000i\000o\000n}{section.5}% 51
\BOOKMARK [1][-]{section.6}{\376\377\000R\000a\000t\000e\000-\000C\000o\000m\000p\000l\000e\000x\000i\000t\000y\000\040\000B\000o\000u\000n\000d\000s}{}% 52
\BOOKMARK [2][-]{subsection.6.1}{\376\377\000C\000o\000s\000t\000\040\000M\000o\000d\000e\000l}{section.6}% 53
\BOOKMARK [2][-]{subsection.6.2}{\376\377\000U\000p\000p\000e\000r\000\040\000B\000o\000u\000n\000d\000:\000\040\000D\000O\000F\000\040\000=\000\040\0001\000\040\000A\000c\000h\000i\000e\000v\000e\000s\000\040\000O\000\050\0001\000\051}{section.6}% 54
\BOOKMARK [2][-]{subsection.6.3}{\376\377\000L\000o\000w\000e\000r\000\040\000B\000o\000u\000n\000d\000:\000\040\000D\000O\000F\000\040\000>\000\040\0001\000\040\000R\000e\000q\000u\000i\000r\000e\000s\000\040\000O\000m\000e\000g\000a\000\050\000n\000\051}{section.6}% 55
\BOOKMARK [2][-]{subsection.6.4}{\376\377\000I\000n\000f\000o\000r\000m\000a\000t\000i\000o\000n\000-\000t\000h\000e\000o\000r\000e\000t\000i\000c\000\040\000c\000o\000n\000v\000e\000r\000s\000e\000\040\000\050\000f\000i\000n\000i\000t\000e\000\040\000c\000o\000u\000n\000t\000i\000n\000g\000\051}{section.6}% 56
\BOOKMARK [2][-]{subsection.6.5}{\376\377\000I\000n\000f\000o\000r\000m\000a\000t\000i\000o\000n\000-\000c\000o\000n\000s\000t\000r\000a\000i\000n\000e\000d\000\040\000D\000O\000F\000\040\000l\000o\000w\000e\000r\000\040\000b\000o\000u\000n\000d}{section.6}% 57
\BOOKMARK [2][-]{subsection.6.6}{\376\377\000W\000o\000r\000k\000e\000d\000\040\000e\000x\000a\000m\000p\000l\000e\000:\000\040\000f\000i\000n\000i\000t\000e\000\040\000t\000a\000g\000\040\000b\000u\000d\000g\000e\000t}{section.6}% 58
\BOOKMARK [2][-]{subsection.6.7}{\376\377\000T\000h\000e\000\040\000U\000n\000b\000o\000u\000n\000d\000e\000d\000\040\000G\000a\000p}{section.6}% 59
\BOOKMARK [2][-]{subsection.6.8}{\376\377\000T\000h\000e\000\040\000\050\000R\000,\000\040\000C\000,\000\040\000P\000\051\000\040\000T\000r\000a\000d\000e\000o\000f\000f\000\040\000S\000p\000a\000c\000e}{section.6}% 60
\BOOKMARK [2][-]{subsection.6.9}{\376\377\000P\000r\000a\000c\000t\000i\000c\000a\000l\000\040\000I\000m\000p\000l\000i\000c\000a\000t\000i\000o\000n\000s}{section.6}% 61
\BOOKMARK [2][-]{subsection.6.10}{\376\377\000A\000m\000o\000r\000t\000i\000z\000e\000d\000\040\000A\000n\000a\000l\000y\000s\000i\000s}{section.6}% 62
\BOOKMARK [1][-]{section.7}{\376\377\000A\000p\000p\000l\000i\000c\000a\000t\000i\000o\000n\000:\000\040\000R\000e\000a\000l\000i\000z\000a\000b\000i\000l\000i\000t\000y\000\040\000P\000a\000t\000t\000e\000r\000n\000s\000\040\000\050\000W\000o\000r\000k\000e\000d\000\040\000E\000x\000a\000m\000p\000l\000e\000\051}{}% 63
\BOOKMARK [1][-]{section.8}{\376\377\000R\000e\000l\000a\000t\000e\000d\000\040\000W\000o\000r\000k}{}% 64
\BOOKMARK [2][-]{subsection.8.1}{\376\377\000Z\000e\000r\000o\000-\000E\000r\000r\000o\000r\000\040\000a\000n\000d\000\040\000M\000u\000l\000t\000i\000-\000T\000e\000r\000m\000i\000n\000a\000l\000\040\000S\000o\000u\000r\000c\000e\000\040\000C\000o\000d\000i\000n\000g}{section.8}% 65
\BOOKMARK [2][-]{subsection.8.2}{\376\377\000D\000i\000s\000t\000r\000i\000b\000u\000t\000e\000d\000\040\000S\000y\000s\000t\000e\000m\000s\000\040\000C\000o\000n\000s\000i\000s\000t\000e\000n\000c\000y}{section.8}% 66
\BOOKMARK [2][-]{subsection.8.3}{\376\377\000C\000o\000m\000p\000u\000t\000a\000t\000i\000o\000n\000a\000l\000\040\000R\000e\000f\000l\000e\000c\000t\000i\000o\000n\000\040\000a\000n\000d\000\040\000M\000e\000t\000a\000p\000r\000o\000g\000r\000a\000m\000m\000i\000n\000g}{section.8}% 67
\BOOKMARK [2][-]{subsection.8.4}{\376\377\000A\000p\000p\000l\000i\000c\000a\000t\000i\000o\000n\000-\000L\000e\000v\000e\000l\000\040\000D\000e\000s\000i\000g\000n\000\040\000P\000r\000i\000n\000c\000i\000p\000l\000e\000s}{section.8}% 68
\BOOKMARK [2][-]{subsection.8.5}{\376\377\000F\000o\000r\000m\000a\000l\000\040\000M\000e\000t\000h\000o\000d\000s}{section.8}% 69
\BOOKMARK [2][-]{subsection.8.6}{\376\377\000N\000o\000v\000e\000l\000t\000y\000\040\000a\000n\000d\000\040\000I\000T\000\040\000C\000o\000n\000t\000r\000i\000b\000u\000t\000i\000o\000n}{section.8}% 70
\BOOKMARK [1][-]{section.9}{\376\377\000C\000o\000n\000c\000l\000u\000s\000i\000o\000n}{}% 71
\BOOKMARK [2][-]{subsection.9.1}{\376\377\000A\000r\000t\000i\000f\000a\000c\000t\000s}{section.9}% 72
\BOOKMARK [1][-]{section*.1}{\376\377\000R\000e\000f\000e\000r\000e\000n\000c\000e\000s}{}% 73
\BOOKMARK [1][-]{section*.2}{\376\377\000A\000p\000p\000e\000n\000d\000i\000x}{}% 74
