\BOOKMARK [1][-]{section.1}{\376\377\000I\000n\000t\000r\000o\000d\000u\000c\000t\000i\000o\000n}{}% 1
\BOOKMARK [2][-]{subsection.1.1}{\376\377\000C\000o\000r\000e\000\040\000T\000h\000e\000o\000r\000e\000m\000s}{section.1}% 2
\BOOKMARK [2][-]{subsection.1.2}{\376\377\000W\000h\000a\000t\000\040\000T\000h\000i\000s\000\040\000P\000a\000p\000e\000r\000\040\000D\000o\000e\000s\000\040\000N\000O\000T\000\040\000C\000l\000a\000i\000m}{section.1}% 3
\BOOKMARK [2][-]{subsection.1.3}{\376\377\000C\000o\000n\000t\000r\000i\000b\000u\000t\000i\000o\000n\000s}{section.1}% 4
\BOOKMARK [2][-]{subsection.1.4}{\376\377\000E\000m\000p\000i\000r\000i\000c\000a\000l\000\040\000C\000o\000n\000t\000e\000x\000t\000:\000\040\000O\000p\000e\000n\000H\000C\000S}{section.1}% 5
\BOOKMARK [2][-]{subsection.1.5}{\376\377\000D\000e\000c\000i\000s\000i\000o\000n\000\040\000P\000r\000o\000c\000e\000d\000u\000r\000e\000,\000\040\000N\000o\000t\000\040\000P\000r\000e\000f\000e\000r\000e\000n\000c\000e}{section.1}% 6
\BOOKMARK [2][-]{subsection.1.6}{\376\377\000P\000a\000p\000e\000r\000\040\000S\000t\000r\000u\000c\000t\000u\000r\000e}{section.1}% 7
\BOOKMARK [1][-]{section.2}{\376\377\000F\000o\000r\000m\000a\000l\000\040\000F\000o\000u\000n\000d\000a\000t\000i\000o\000n\000s}{}% 8
\BOOKMARK [2][-]{subsection.2.1}{\376\377\000E\000d\000i\000t\000\040\000S\000p\000a\000c\000e\000\040\000a\000n\000d\000\040\000C\000o\000d\000e\000b\000a\000s\000e\000s}{section.2}% 9
\BOOKMARK [2][-]{subsection.2.2}{\376\377\000F\000a\000c\000t\000s\000:\000\040\000A\000t\000o\000m\000i\000c\000\040\000U\000n\000i\000t\000s\000\040\000o\000f\000\040\000S\000p\000e\000c\000i\000f\000i\000c\000a\000t\000i\000o\000n}{section.2}% 10
\BOOKMARK [2][-]{subsection.2.3}{\376\377\000E\000n\000c\000o\000d\000i\000n\000g\000:\000\040\000T\000h\000e\000\040\000C\000o\000r\000r\000e\000c\000t\000n\000e\000s\000s\000\040\000R\000e\000l\000a\000t\000i\000o\000n\000s\000h\000i\000p}{section.2}% 11
\BOOKMARK [2][-]{subsection.2.4}{\376\377\000M\000o\000d\000i\000f\000i\000c\000a\000t\000i\000o\000n\000\040\000C\000o\000m\000p\000l\000e\000x\000i\000t\000y}{section.2}% 12
\BOOKMARK [2][-]{subsection.2.5}{\376\377\000I\000n\000d\000e\000p\000e\000n\000d\000e\000n\000c\000e\000\040\000a\000n\000d\000\040\000D\000e\000g\000r\000e\000e\000s\000\040\000o\000f\000\040\000F\000r\000e\000e\000d\000o\000m}{section.2}% 13
\BOOKMARK [2][-]{subsection.2.6}{\376\377\000T\000h\000e\000\040\000D\000O\000F\000\040\000L\000a\000t\000t\000i\000c\000e}{section.2}% 14
\BOOKMARK [1][-]{section.3}{\376\377\000S\000i\000n\000g\000l\000e\000\040\000S\000o\000u\000r\000c\000e\000\040\000o\000f\000\040\000T\000r\000u\000t\000h}{}% 15
\BOOKMARK [2][-]{subsection.3.1}{\376\377\000S\000S\000O\000T\000\040\000D\000e\000f\000i\000n\000i\000t\000i\000o\000n}{section.3}% 16
\BOOKMARK [2][-]{subsection.3.2}{\376\377\000S\000S\000O\000T\000\040\000v\000s\000.\000\040\000M\000o\000d\000i\000f\000i\000c\000a\000t\000i\000o\000n\000\040\000C\000o\000m\000p\000l\000e\000x\000i\000t\000y}{section.3}% 17
\BOOKMARK [2][-]{subsection.3.3}{\376\377\000D\000e\000r\000i\000v\000a\000t\000i\000o\000n\000\040\000M\000e\000c\000h\000a\000n\000i\000s\000m\000s}{section.3}% 18
\BOOKMARK [2][-]{subsection.3.4}{\376\377\000S\000S\000O\000T\000\040\000P\000a\000t\000t\000e\000r\000n\000s\000\040\000i\000n\000\040\000P\000y\000t\000h\000o\000n}{section.3}% 19
\BOOKMARK [1][-]{section.4}{\376\377\000L\000a\000n\000g\000u\000a\000g\000e\000\040\000R\000e\000q\000u\000i\000r\000e\000m\000e\000n\000t\000s\000\040\000f\000o\000r\000\040\000S\000S\000O\000T}{}% 20
\BOOKMARK [2][-]{subsection.4.1}{\376\377\000T\000h\000e\000\040\000F\000o\000u\000n\000d\000a\000t\000i\000o\000n\000a\000l\000\040\000A\000x\000i\000o\000m}{section.4}% 21
\BOOKMARK [2][-]{subsection.4.2}{\376\377\000T\000h\000e\000\040\000T\000i\000m\000i\000n\000g\000\040\000C\000o\000n\000s\000t\000r\000a\000i\000n\000t}{section.4}% 22
\BOOKMARK [2][-]{subsection.4.3}{\376\377\000R\000e\000q\000u\000i\000r\000e\000m\000e\000n\000t\000\040\0001\000:\000\040\000D\000e\000f\000i\000n\000i\000t\000i\000o\000n\000-\000T\000i\000m\000e\000\040\000H\000o\000o\000k\000s}{section.4}% 23
\BOOKMARK [2][-]{subsection.4.4}{\376\377\000R\000e\000q\000u\000i\000r\000e\000m\000e\000n\000t\000\040\0002\000:\000\040\000I\000n\000t\000r\000o\000s\000p\000e\000c\000t\000a\000b\000l\000e\000\040\000D\000e\000r\000i\000v\000a\000t\000i\000o\000n}{section.4}% 24
\BOOKMARK [2][-]{subsection.4.5}{\376\377\000I\000n\000d\000e\000p\000e\000n\000d\000e\000n\000c\000e\000\040\000o\000f\000\040\000R\000e\000q\000u\000i\000r\000e\000m\000e\000n\000t\000s}{section.4}% 25
\BOOKMARK [2][-]{subsection.4.6}{\376\377\000T\000h\000e\000\040\000C\000o\000m\000p\000l\000e\000t\000e\000n\000e\000s\000s\000\040\000T\000h\000e\000o\000r\000e\000m}{section.4}% 26
\BOOKMARK [2][-]{subsection.4.7}{\376\377\000T\000h\000e\000\040\000L\000o\000g\000i\000c\000a\000l\000\040\000C\000h\000a\000i\000n\000\040\000\050\000S\000u\000m\000m\000a\000r\000y\000\051}{section.4}% 27
\BOOKMARK [2][-]{subsection.4.8}{\376\377\000C\000o\000n\000c\000r\000e\000t\000e\000\040\000I\000m\000p\000o\000s\000s\000i\000b\000i\000l\000i\000t\000y\000\040\000D\000e\000m\000o\000n\000s\000t\000r\000a\000t\000i\000o\000n}{section.4}% 28
\BOOKMARK [1][-]{section.5}{\376\377\000L\000a\000n\000g\000u\000a\000g\000e\000\040\000E\000v\000a\000l\000u\000a\000t\000i\000o\000n}{}% 29
\BOOKMARK [2][-]{subsection.5.1}{\376\377\000E\000v\000a\000l\000u\000a\000t\000i\000o\000n\000\040\000C\000r\000i\000t\000e\000r\000i\000a}{section.5}% 30
\BOOKMARK [2][-]{subsection.5.2}{\376\377\000M\000a\000i\000n\000s\000t\000r\000e\000a\000m\000\040\000L\000a\000n\000g\000u\000a\000g\000e\000\040\000D\000e\000f\000i\000n\000i\000t\000i\000o\000n}{section.5}% 31
\BOOKMARK [2][-]{subsection.5.3}{\376\377\000M\000a\000i\000n\000s\000t\000r\000e\000a\000m\000\040\000L\000a\000n\000g\000u\000a\000g\000e\000\040\000E\000v\000a\000l\000u\000a\000t\000i\000o\000n}{section.5}% 32
\BOOKMARK [3][-]{subsubsection.5.3.1}{\376\377\000P\000y\000t\000h\000o\000n\000:\000\040\000F\000u\000l\000l\000\040\000S\000S\000O\000T\000\040\000S\000u\000p\000p\000o\000r\000t}{subsection.5.3}% 33
\BOOKMARK [3][-]{subsubsection.5.3.2}{\376\377\000J\000a\000v\000a\000S\000c\000r\000i\000p\000t\000:\000\040\000N\000o\000\040\000S\000S\000O\000T\000\040\000S\000u\000p\000p\000o\000r\000t}{subsection.5.3}% 34
\BOOKMARK [3][-]{subsubsection.5.3.3}{\376\377\000J\000a\000v\000a\000:\000\040\000N\000o\000\040\000S\000S\000O\000T\000\040\000S\000u\000p\000p\000o\000r\000t}{subsection.5.3}% 35
\BOOKMARK [3][-]{subsubsection.5.3.4}{\376\377\000C\000+\000+\000:\000\040\000N\000o\000\040\000S\000S\000O\000T\000\040\000S\000u\000p\000p\000o\000r\000t}{subsection.5.3}% 36
\BOOKMARK [3][-]{subsubsection.5.3.5}{\376\377\000G\000o\000:\000\040\000N\000o\000\040\000S\000S\000O\000T\000\040\000S\000u\000p\000p\000o\000r\000t}{subsection.5.3}% 37
\BOOKMARK [3][-]{subsubsection.5.3.6}{\376\377\000R\000u\000s\000t\000:\000\040\000N\000o\000\040\000S\000S\000O\000T\000\040\000S\000u\000p\000p\000o\000r\000t}{subsection.5.3}% 38
\BOOKMARK [2][-]{subsection.5.4}{\376\377\000N\000o\000n\000-\000M\000a\000i\000n\000s\000t\000r\000e\000a\000m\000\040\000L\000a\000n\000g\000u\000a\000g\000e\000s}{section.5}% 39
\BOOKMARK [3][-]{subsubsection.5.4.1}{\376\377\000C\000o\000m\000m\000o\000n\000\040\000L\000i\000s\000p\000\040\000\050\000C\000L\000O\000S\000\051}{subsection.5.4}% 40
\BOOKMARK [3][-]{subsubsection.5.4.2}{\376\377\000S\000m\000a\000l\000l\000t\000a\000l\000k}{subsection.5.4}% 41
\BOOKMARK [3][-]{subsubsection.5.4.3}{\376\377\000R\000u\000b\000y}{subsection.5.4}% 42
\BOOKMARK [2][-]{subsection.5.5}{\376\377\000I\000m\000p\000l\000i\000c\000a\000t\000i\000o\000n\000s\000\040\000f\000o\000r\000\040\000L\000a\000n\000g\000u\000a\000g\000e\000\040\000S\000e\000l\000e\000c\000t\000i\000o\000n}{section.5}% 43
\BOOKMARK [1][-]{section.6}{\376\377\000C\000o\000m\000p\000l\000e\000x\000i\000t\000y\000\040\000B\000o\000u\000n\000d\000s}{}% 44
\BOOKMARK [2][-]{subsection.6.1}{\376\377\000U\000p\000p\000e\000r\000\040\000B\000o\000u\000n\000d\000:\000\040\000S\000S\000O\000T\000\040\000A\000c\000h\000i\000e\000v\000e\000s\000\040\000O\000\050\0001\000\051}{section.6}% 45
\BOOKMARK [2][-]{subsection.6.2}{\376\377\000L\000o\000w\000e\000r\000\040\000B\000o\000u\000n\000d\000:\000\040\000N\000o\000n\000-\000S\000S\000O\000T\000\040\000R\000e\000q\000u\000i\000r\000e\000s\000\040\000O\000m\000e\000g\000a\000\050\000n\000\051}{section.6}% 46
\BOOKMARK [2][-]{subsection.6.3}{\376\377\000T\000h\000e\000\040\000U\000n\000b\000o\000u\000n\000d\000e\000d\000\040\000G\000a\000p}{section.6}% 47
\BOOKMARK [2][-]{subsection.6.4}{\376\377\000P\000r\000a\000c\000t\000i\000c\000a\000l\000\040\000I\000m\000p\000l\000i\000c\000a\000t\000i\000o\000n\000s}{section.6}% 48
\BOOKMARK [2][-]{subsection.6.5}{\376\377\000A\000m\000o\000r\000t\000i\000z\000e\000d\000\040\000A\000n\000a\000l\000y\000s\000i\000s}{section.6}% 49
\BOOKMARK [1][-]{section.7}{\376\377\000E\000m\000p\000i\000r\000i\000c\000a\000l\000\040\000V\000a\000l\000i\000d\000a\000t\000i\000o\000n}{}% 50
\BOOKMARK [2][-]{subsection.7.1}{\376\377\000M\000e\000t\000h\000o\000d\000o\000l\000o\000g\000y}{section.7}% 51
\BOOKMARK [2][-]{subsection.7.2}{\376\377\000C\000a\000s\000e\000\040\000S\000t\000u\000d\000y\000\040\000S\000u\000m\000m\000a\000r\000y}{section.7}% 52
\BOOKMARK [2][-]{subsection.7.3}{\376\377\000D\000e\000t\000a\000i\000l\000e\000d\000\040\000C\000a\000s\000e\000\040\000S\000t\000u\000d\000i\000e\000s}{section.7}% 53
\BOOKMARK [3][-]{subsubsection.7.3.1}{\376\377\000C\000a\000s\000e\000\040\000S\000t\000u\000d\000y\000\040\0005\000:\000\040\000h\000a\000s\000a\000t\000t\000r\000\040\000M\000i\000g\000r\000a\000t\000i\000o\000n\000\040\000\050\000P\000R\000\040\000\043\0004\0004\000\051}{subsection.7.3}% 54
\BOOKMARK [3][-]{subsubsection.7.3.2}{\376\377\000C\000a\000s\000e\000\040\000S\000t\000u\000d\000y\000\040\0003\000:\000\040\000M\000e\000m\000o\000r\000y\000T\000y\000p\000e\000C\000o\000n\000v\000e\000r\000t\000e\000r\000\040\000R\000e\000g\000i\000s\000t\000r\000y}{subsection.7.3}% 55
\BOOKMARK [3][-]{subsubsection.7.3.3}{\376\377\000C\000a\000s\000e\000\040\000S\000t\000u\000d\000y\000\040\0001\0003\000:\000\040\000P\000l\000u\000g\000i\000n\000\040\000D\000i\000s\000c\000o\000v\000e\000r\000y}{subsection.7.3}% 56
\BOOKMARK [2][-]{subsection.7.4}{\376\377\000S\000t\000a\000t\000i\000s\000t\000i\000c\000a\000l\000\040\000A\000n\000a\000l\000y\000s\000i\000s}{section.7}% 57
\BOOKMARK [2][-]{subsection.7.5}{\376\377\000T\000h\000r\000e\000a\000t\000s\000\040\000t\000o\000\040\000V\000a\000l\000i\000d\000i\000t\000y}{section.7}% 58
\BOOKMARK [1][-]{section.8}{\376\377\000R\000e\000l\000a\000t\000e\000d\000\040\000W\000o\000r\000k}{}% 59
\BOOKMARK [2][-]{subsection.8.1}{\376\377\000T\000h\000e\000\040\000D\000R\000Y\000\040\000P\000r\000i\000n\000c\000i\000p\000l\000e}{section.8}% 60
\BOOKMARK [2][-]{subsection.8.2}{\376\377\000M\000e\000t\000a\000p\000r\000o\000g\000r\000a\000m\000m\000i\000n\000g\000\040\000a\000n\000d\000\040\000R\000e\000f\000l\000e\000c\000t\000i\000o\000n}{section.8}% 61
\BOOKMARK [2][-]{subsection.8.3}{\376\377\000S\000o\000f\000t\000w\000a\000r\000e\000\040\000C\000o\000m\000p\000l\000e\000x\000i\000t\000y\000\040\000M\000e\000t\000r\000i\000c\000s}{section.8}% 62
\BOOKMARK [2][-]{subsection.8.4}{\376\377\000I\000n\000f\000o\000r\000m\000a\000t\000i\000o\000n\000\040\000H\000i\000d\000i\000n\000g}{section.8}% 63
\BOOKMARK [2][-]{subsection.8.5}{\376\377\000F\000o\000r\000m\000a\000l\000\040\000M\000e\000t\000h\000o\000d\000s\000\040\000i\000n\000\040\000S\000o\000f\000t\000w\000a\000r\000e\000\040\000E\000n\000g\000i\000n\000e\000e\000r\000i\000n\000g}{section.8}% 64
\BOOKMARK [2][-]{subsection.8.6}{\376\377\000L\000a\000n\000g\000u\000a\000g\000e\000\040\000C\000o\000m\000p\000a\000r\000i\000s\000o\000n\000\040\000S\000t\000u\000d\000i\000e\000s}{section.8}% 65
\BOOKMARK [2][-]{subsection.8.7}{\376\377\000N\000o\000v\000e\000l\000t\000y\000\040\000o\000f\000\040\000T\000h\000i\000s\000\040\000W\000o\000r\000k}{section.8}% 66
\BOOKMARK [1][-]{section.9}{\376\377\000C\000o\000n\000c\000l\000u\000s\000i\000o\000n}{}% 67
\BOOKMARK [1][-]{appendix.A}{\376\377\000P\000r\000e\000e\000m\000p\000t\000i\000v\000e\000\040\000R\000e\000b\000u\000t\000t\000a\000l\000s}{}% 68
\BOOKMARK [2][-]{subsection.A.1}{\376\377\000O\000b\000j\000e\000c\000t\000i\000o\000n\000:\000\040\000T\000h\000e\000\040\000S\000S\000O\000T\000\040\000D\000e\000f\000i\000n\000i\000t\000i\000o\000n\000\040\000i\000s\000\040\000T\000o\000o\000\040\000N\000a\000r\000r\000o\000w}{appendix.A}% 69
\BOOKMARK [2][-]{subsection.A.2}{\376\377\000O\000b\000j\000e\000c\000t\000i\000o\000n\000:\000\040\000O\000t\000h\000e\000r\000\040\000L\000a\000n\000g\000u\000a\000g\000e\000s\000\040\000C\000a\000n\000\040\000A\000p\000p\000r\000o\000x\000i\000m\000a\000t\000e\000\040\000S\000S\000O\000T}{appendix.A}% 70
\BOOKMARK [2][-]{subsection.A.3}{\376\377\000O\000b\000j\000e\000c\000t\000i\000o\000n\000:\000\040\000T\000h\000i\000s\000\040\000i\000s\000\040\000J\000u\000s\000t\000\040\000A\000d\000v\000o\000c\000a\000c\000y\000\040\000f\000o\000r\000\040\000P\000y\000t\000h\000o\000n}{appendix.A}% 71
\BOOKMARK [2][-]{subsection.A.4}{\376\377\000O\000b\000j\000e\000c\000t\000i\000o\000n\000:\000\040\000T\000h\000e\000\040\000C\000a\000s\000e\000\040\000S\000t\000u\000d\000i\000e\000s\000\040\000a\000r\000e\000\040\000C\000h\000e\000r\000r\000y\000-\000P\000i\000c\000k\000e\000d}{appendix.A}% 72
\BOOKMARK [2][-]{subsection.A.5}{\376\377\000O\000b\000j\000e\000c\000t\000i\000o\000n\000:\000\040\000C\000o\000m\000p\000l\000e\000x\000i\000t\000y\000\040\000B\000o\000u\000n\000d\000s\000\040\000a\000r\000e\000\040\000T\000h\000e\000o\000r\000e\000t\000i\000c\000a\000l}{appendix.A}% 73
\BOOKMARK [2][-]{subsection.A.6}{\376\377\000O\000b\000j\000e\000c\000t\000i\000o\000n\000:\000\040\000S\000S\000O\000T\000\040\000H\000a\000s\000\040\000C\000o\000s\000t\000s}{appendix.A}% 74
\BOOKMARK [2][-]{subsection.A.7}{\376\377\000O\000b\000j\000e\000c\000t\000i\000o\000n\000:\000\040\000T\000h\000e\000\040\000L\000e\000a\000n\000\040\000P\000r\000o\000o\000f\000s\000\040\000a\000r\000e\000\040\000T\000r\000i\000v\000i\000a\000l}{appendix.A}% 75
\BOOKMARK [1][-]{appendix.B}{\376\377\000L\000e\000a\000n\000\040\0004\000\040\000P\000r\000o\000o\000f\000\040\000L\000i\000s\000t\000i\000n\000g\000s}{}% 76
\BOOKMARK [2][-]{subsection.B.1}{\376\377\000B\000a\000s\000i\000c\000.\000l\000e\000a\000n\000:\000\040\000C\000o\000r\000e\000\040\000D\000e\000f\000i\000n\000i\000t\000i\000o\000n\000s\000\040\000\050\0004\0008\000\040\000l\000i\000n\000e\000s\000\051}{appendix.B}% 77
\BOOKMARK [2][-]{subsection.B.2}{\376\377\000S\000S\000O\000T\000.\000l\000e\000a\000n\000:\000\040\000S\000S\000O\000T\000\040\000D\000e\000f\000i\000n\000i\000t\000i\000o\000n\000\040\000\050\0003\0008\000\040\000l\000i\000n\000e\000s\000\051}{appendix.B}% 78
\BOOKMARK [2][-]{subsection.B.3}{\376\377\000R\000e\000q\000u\000i\000r\000e\000m\000e\000n\000t\000s\000.\000l\000e\000a\000n\000:\000\040\000N\000e\000c\000e\000s\000s\000i\000t\000y\000\040\000P\000r\000o\000o\000f\000s\000\040\000\050\0001\0001\0003\000\040\000l\000i\000n\000e\000s\000\051}{appendix.B}% 79
\BOOKMARK [2][-]{subsection.B.4}{\376\377\000B\000o\000u\000n\000d\000s\000.\000l\000e\000a\000n\000:\000\040\000C\000o\000m\000p\000l\000e\000x\000i\000t\000y\000\040\000B\000o\000u\000n\000d\000s\000\040\000\050\0005\0006\000\040\000l\000i\000n\000e\000s\000\051}{appendix.B}% 80
\BOOKMARK [2][-]{subsection.B.5}{\376\377\000L\000a\000n\000g\000u\000a\000g\000e\000s\000.\000l\000e\000a\000n\000:\000\040\000L\000a\000n\000g\000u\000a\000g\000e\000\040\000E\000v\000a\000l\000u\000a\000t\000i\000o\000n\000\040\000\050\0001\0000\0009\000\040\000l\000i\000n\000e\000s\000\051}{appendix.B}% 81
\BOOKMARK [2][-]{subsection.B.6}{\376\377\000C\000a\000s\000e\000S\000t\000u\000d\000i\000e\000s\000.\000l\000e\000a\000n\000:\000\040\000E\000m\000p\000i\000r\000i\000c\000a\000l\000\040\000V\000a\000l\000i\000d\000a\000t\000i\000o\000n\000\040\000\050\0001\0004\0009\000\040\000l\000i\000n\000e\000s\000\051}{appendix.B}% 82
\BOOKMARK [2][-]{subsection.B.7}{\376\377\000C\000o\000m\000p\000l\000e\000t\000e\000n\000e\000s\000s\000.\000l\000e\000a\000n\000:\000\040\000T\000h\000e\000\040\000I\000F\000F\000\040\000T\000h\000e\000o\000r\000e\000m\000\040\000a\000n\000d\000\040\000I\000m\000p\000o\000s\000s\000i\000b\000i\000l\000i\000t\000y\000\040\000\050\0008\0005\000\040\000l\000i\000n\000e\000s\000\051}{appendix.B}% 83
\BOOKMARK [2][-]{subsection.B.8}{\376\377\000V\000e\000r\000i\000f\000i\000c\000a\000t\000i\000o\000n\000\040\000S\000u\000m\000m\000a\000r\000y}{appendix.B}% 84
